#
# There is insufficient memory for the Java Runtime Environment to continue.
# Native memory allocation (malloc) failed to allocate 1334256 bytes for Chunk::new
# Possible reasons:
#   The system is out of physical RAM or swap space
#   The process is running with CompressedOops enabled, and the Java Heap may be blocking the growth of the native heap
# Possible solutions:
#   Reduce memory load on the system
#   Increase physical memory or swap space
#   Check if swap backing store is full
#   Decrease Java heap size (-Xmx/-Xms)
#   Decrease number of Java threads
#   Decrease Java thread stack sizes (-Xss)
#   Set larger code cache with -XX:ReservedCodeCacheSize=
#   JVM is running with Unscaled Compressed Oops mode in which the Java heap is
#     placed in the first 4GB address space. The Java Heap base address is the
#     maximum limit for the native heap growth. Please use -XX:HeapBaseMinAddress
#     to set the Java Heap base and to place the Java Heap above 4GB virtual address.
# This output file may be truncated or incomplete.
#
#  Out of Memory Error (arena.cpp:195), pid=5196, tid=4704
#
# JRE version: Java(TM) SE Runtime Environment (16.0.2+7) (build 16.0.2+7-67)
# Java VM: Java HotSpot(TM) 64-Bit Server VM (16.0.2+7-67, mixed mode, sharing, tiered, compressed oops, compressed class ptrs, g1 gc, windows-amd64)
# No core dump will be written. Minidumps are not enabled by default on client versions of Windows
#

---------------  S U M M A R Y ------------

Command Line: -Dfile.encoding=UTF-8 --module-path=C:\Users\Administrator\Downloads\Tool8Ball\build\classes tool8ball.JFrameSetting

Host: Intel(R) Core(TM) i3-9100F CPU @ 3.60GHz, 4 cores, 7G,  Windows 10 , 64 bit Build 14393 (10.0.14393.0)
Time: Thu Aug  5 02:18:05 2021 SE Asia Standard Time elapsed time: 30.883224 seconds (0d 0h 0m 30s)

---------------  T H R E A D  ---------------

Current thread (0x0000020ffbffeca0):  JavaThread "C2 CompilerThread0" daemon [_thread_in_native, id=4704, stack(0x0000008d90900000,0x0000008d90a00000)]


Current CompileTask:
C2:  30883 1830   !   4       sun.awt.PostEventQueue::flush (168 bytes)

Stack: [0x0000008d90900000,0x0000008d90a00000]
Native frames: (J=compiled Java code, j=interpreted, Vv=VM code, C=native code)
V  [jvm.dll+0x6681ca]
V  [jvm.dll+0x7c9e69]
V  [jvm.dll+0x7cb61e]
V  [jvm.dll+0x7cbc73]
V  [jvm.dll+0x242c55]
V  [jvm.dll+0xadeba]
V  [jvm.dll+0xae45c]
V  [jvm.dll+0x35a882]
V  [jvm.dll+0x324de1]
V  [jvm.dll+0x32428a]
V  [jvm.dll+0x215cec]
V  [jvm.dll+0x215100]
V  [jvm.dll+0x1a1beb]
V  [jvm.dll+0x225158]
V  [jvm.dll+0x22319c]
V  [jvm.dll+0x77fa62]
V  [jvm.dll+0x7795aa]
V  [jvm.dll+0x667066]
C  [ucrtbase.dll+0x1cab0]
C  [KERNEL32.DLL+0x8364]
C  [ntdll.dll+0x65e91]


---------------  P R O C E S S  ---------------

Threads class SMR info:
_java_thread_list=0x0000020ffd9e3090, length=18, elements={
0x0000020ffbfeb910, 0x0000020ffbfeee50, 0x0000020ffbffbd30, 0x0000020ffbffc660,
0x0000020ffbffd320, 0x0000020ffbffd840, 0x0000020ffbffeca0, 0x0000020ffbfffda0,
0x0000020ffc005fb0, 0x0000020ffbfcb3e0, 0x0000020ffccc8ea0, 0x0000020ffced5b10,
0x0000020ffced8af0, 0x0000020ffceddaf0, 0x0000020ffd922b70, 0x0000020fed7b4630,
0x0000020ffdaa9860, 0x0000020ffdb8fe80
}

Java Threads: ( => current thread )
  0x0000020ffbfeb910 JavaThread "Reference Handler" daemon [_thread_blocked, id=6236, stack(0x0000008d90300000,0x0000008d90400000)]
  0x0000020ffbfeee50 JavaThread "Finalizer" daemon [_thread_blocked, id=8004, stack(0x0000008d90400000,0x0000008d90500000)]
  0x0000020ffbffbd30 JavaThread "Signal Dispatcher" daemon [_thread_blocked, id=7616, stack(0x0000008d90500000,0x0000008d90600000)]
  0x0000020ffbffc660 JavaThread "Attach Listener" daemon [_thread_blocked, id=544, stack(0x0000008d90600000,0x0000008d90700000)]
  0x0000020ffbffd320 JavaThread "Service Thread" daemon [_thread_blocked, id=4508, stack(0x0000008d90700000,0x0000008d90800000)]
  0x0000020ffbffd840 JavaThread "Monitor Deflation Thread" daemon [_thread_blocked, id=3388, stack(0x0000008d90800000,0x0000008d90900000)]
=>0x0000020ffbffeca0 JavaThread "C2 CompilerThread0" daemon [_thread_in_native, id=4704, stack(0x0000008d90900000,0x0000008d90a00000)]
  0x0000020ffbfffda0 JavaThread "C1 CompilerThread0" daemon [_thread_blocked, id=7104, stack(0x0000008d90a00000,0x0000008d90b00000)]
  0x0000020ffc005fb0 JavaThread "Sweeper thread" daemon [_thread_blocked, id=5232, stack(0x0000008d90b00000,0x0000008d90c00000)]
  0x0000020ffbfcb3e0 JavaThread "Common-Cleaner" daemon [_thread_blocked, id=8896, stack(0x0000008d90c00000,0x0000008d90d00000)]
  0x0000020ffccc8ea0 JavaThread "Notification Thread" daemon [_thread_blocked, id=9008, stack(0x0000008d90e00000,0x0000008d90f00000)]
  0x0000020ffced5b10 JavaThread "Java2D Disposer" daemon [_thread_blocked, id=8480, stack(0x0000008d91000000,0x0000008d91100000)]
  0x0000020ffced8af0 JavaThread "AWT-Shutdown" [_thread_blocked, id=7596, stack(0x0000008d91100000,0x0000008d91200000)]
  0x0000020ffceddaf0 JavaThread "AWT-Windows" daemon [_thread_in_native, id=5888, stack(0x0000008d91200000,0x0000008d91300000)]
  0x0000020ffd922b70 JavaThread "AWT-EventQueue-0" [_thread_blocked, id=9176, stack(0x0000008d91500000,0x0000008d91600000)]
  0x0000020fed7b4630 JavaThread "DestroyJavaVM" [_thread_blocked, id=8284, stack(0x0000008d8fb00000,0x0000008d8fc00000)]
  0x0000020ffdaa9860 JavaThread "D3D Screen Updater" daemon [_thread_blocked, id=8816, stack(0x0000008d91900000,0x0000008d91a00000)]
  0x0000020ffdb8fe80 JavaThread "TimerQueue" daemon [_thread_blocked, id=8264, stack(0x0000008d91a00000,0x0000008d91b00000)]

Other Threads:
  0x0000020ffbfe7870 VMThread "VM Thread" [stack: 0x0000008d90200000,0x0000008d90300000] [id=6448]
  0x0000020fed7b8130 WatcherThread [stack: 0x0000008d90f00000,0x0000008d91000000] [id=3436]
  0x0000020fed7fadb0 GCTaskThread "GC Thread#0" [stack: 0x0000008d8fd00000,0x0000008d8fe00000] [id=8972]
  0x0000020fed80caf0 ConcurrentGCThread "G1 Main Marker" [stack: 0x0000008d8fe00000,0x0000008d8ff00000] [id=8868]
  0x0000020fed811e40 ConcurrentGCThread "G1 Conc#0" [stack: 0x0000008d8ff00000,0x0000008d90000000] [id=7920]
  0x0000020fed888f20 ConcurrentGCThread "G1 Refine#0" [stack: 0x0000008d90000000,0x0000008d90100000] [id=1280]
  0x0000020fed889870 ConcurrentGCThread "G1 Service" [stack: 0x0000008d90100000,0x0000008d90200000] [id=6608]

Threads with active compile tasks:
C2 CompilerThread0    30889 1830   !   4       sun.awt.PostEventQueue::flush (168 bytes)

VM state: not at safepoint (normal execution)

VM Mutex/Monitor currently owned by a thread: None

Heap address: 0x0000000081e00000, size: 2018 MB, Compressed Oops mode: 32-bit

CDS archive(s) mapped at: [0x0000000800000000-0x0000000800bb0000-0x0000000800bb0000), size 12255232, SharedBaseAddress: 0x0000000800000000, ArchiveRelocationMode: 0.
Compressed class space mapped at: 0x0000000800c00000-0x0000000840c00000, reserved size: 1073741824
Narrow klass base: 0x0000000800000000, Narrow klass shift: 3, Narrow klass range: 0x100000000

GC Precious Log:
 CPUs: 4 total, 4 available
 Memory: 8070M
 Large Page Support: Disabled
 NUMA Support: Disabled
 Compressed Oops: Enabled (32-bit)
 Heap Region Size: 1M
 Heap Min Capacity: 8M
 Heap Initial Capacity: 128M
 Heap Max Capacity: 2018M
 Pre-touch: Disabled
 Parallel Workers: 4
 Concurrent Workers: 1
 Concurrent Refinement Workers: 4
 Periodic GC: Disabled

Heap:
 garbage-first heap   total 131072K, used 11264K [0x0000000081e00000, 0x0000000100000000)
  region size 1024K, 12 young (12288K), 0 survivors (0K)
 Metaspace       used 10882K, committed 11136K, reserved 1064960K
  class space    used 1264K, committed 1408K, reserved 1048576K

Heap Regions: E=young(eden), S=young(survivor), O=old, HS=humongous(starts), HC=humongous(continues), CS=collection set, F=free, OA=open archive, CA=closed archive, TAMS=top-at-mark-start (previous, next)
|   0|0x0000000081e00000, 0x0000000081e00000, 0x0000000081f00000|  0%| F|  |TAMS 0x0000000081e00000, 0x0000000081e00000| Untracked 
|   1|0x0000000081f00000, 0x0000000081f00000, 0x0000000082000000|  0%| F|  |TAMS 0x0000000081f00000, 0x0000000081f00000| Untracked 
|   2|0x0000000082000000, 0x0000000082000000, 0x0000000082100000|  0%| F|  |TAMS 0x0000000082000000, 0x0000000082000000| Untracked 
|   3|0x0000000082100000, 0x0000000082100000, 0x0000000082200000|  0%| F|  |TAMS 0x0000000082100000, 0x0000000082100000| Untracked 
|   4|0x0000000082200000, 0x0000000082200000, 0x0000000082300000|  0%| F|  |TAMS 0x0000000082200000, 0x0000000082200000| Untracked 
|   5|0x0000000082300000, 0x0000000082300000, 0x0000000082400000|  0%| F|  |TAMS 0x0000000082300000, 0x0000000082300000| Untracked 
|   6|0x0000000082400000, 0x0000000082400000, 0x0000000082500000|  0%| F|  |TAMS 0x0000000082400000, 0x0000000082400000| Untracked 
|   7|0x0000000082500000, 0x0000000082500000, 0x0000000082600000|  0%| F|  |TAMS 0x0000000082500000, 0x0000000082500000| Untracked 
|   8|0x0000000082600000, 0x0000000082600000, 0x0000000082700000|  0%| F|  |TAMS 0x0000000082600000, 0x0000000082600000| Untracked 
|   9|0x0000000082700000, 0x0000000082700000, 0x0000000082800000|  0%| F|  |TAMS 0x0000000082700000, 0x0000000082700000| Untracked 
|  10|0x0000000082800000, 0x0000000082800000, 0x0000000082900000|  0%| F|  |TAMS 0x0000000082800000, 0x0000000082800000| Untracked 
|  11|0x0000000082900000, 0x0000000082900000, 0x0000000082a00000|  0%| F|  |TAMS 0x0000000082900000, 0x0000000082900000| Untracked 
|  12|0x0000000082a00000, 0x0000000082a00000, 0x0000000082b00000|  0%| F|  |TAMS 0x0000000082a00000, 0x0000000082a00000| Untracked 
|  13|0x0000000082b00000, 0x0000000082b00000, 0x0000000082c00000|  0%| F|  |TAMS 0x0000000082b00000, 0x0000000082b00000| Untracked 
|  14|0x0000000082c00000, 0x0000000082c00000, 0x0000000082d00000|  0%| F|  |TAMS 0x0000000082c00000, 0x0000000082c00000| Untracked 
|  15|0x0000000082d00000, 0x0000000082d00000, 0x0000000082e00000|  0%| F|  |TAMS 0x0000000082d00000, 0x0000000082d00000| Untracked 
|  16|0x0000000082e00000, 0x0000000082e00000, 0x0000000082f00000|  0%| F|  |TAMS 0x0000000082e00000, 0x0000000082e00000| Untracked 
|  17|0x0000000082f00000, 0x0000000082f00000, 0x0000000083000000|  0%| F|  |TAMS 0x0000000082f00000, 0x0000000082f00000| Untracked 
|  18|0x0000000083000000, 0x0000000083000000, 0x0000000083100000|  0%| F|  |TAMS 0x0000000083000000, 0x0000000083000000| Untracked 
|  19|0x0000000083100000, 0x0000000083100000, 0x0000000083200000|  0%| F|  |TAMS 0x0000000083100000, 0x0000000083100000| Untracked 
|  20|0x0000000083200000, 0x0000000083200000, 0x0000000083300000|  0%| F|  |TAMS 0x0000000083200000, 0x0000000083200000| Untracked 
|  21|0x0000000083300000, 0x0000000083300000, 0x0000000083400000|  0%| F|  |TAMS 0x0000000083300000, 0x0000000083300000| Untracked 
|  22|0x0000000083400000, 0x0000000083400000, 0x0000000083500000|  0%| F|  |TAMS 0x0000000083400000, 0x0000000083400000| Untracked 
|  23|0x0000000083500000, 0x0000000083500000, 0x0000000083600000|  0%| F|  |TAMS 0x0000000083500000, 0x0000000083500000| Untracked 
|  24|0x0000000083600000, 0x0000000083600000, 0x0000000083700000|  0%| F|  |TAMS 0x0000000083600000, 0x0000000083600000| Untracked 
|  25|0x0000000083700000, 0x0000000083700000, 0x0000000083800000|  0%| F|  |TAMS 0x0000000083700000, 0x0000000083700000| Untracked 
|  26|0x0000000083800000, 0x0000000083800000, 0x0000000083900000|  0%| F|  |TAMS 0x0000000083800000, 0x0000000083800000| Untracked 
|  27|0x0000000083900000, 0x0000000083900000, 0x0000000083a00000|  0%| F|  |TAMS 0x0000000083900000, 0x0000000083900000| Untracked 
|  28|0x0000000083a00000, 0x0000000083a00000, 0x0000000083b00000|  0%| F|  |TAMS 0x0000000083a00000, 0x0000000083a00000| Untracked 
|  29|0x0000000083b00000, 0x0000000083b00000, 0x0000000083c00000|  0%| F|  |TAMS 0x0000000083b00000, 0x0000000083b00000| Untracked 
|  30|0x0000000083c00000, 0x0000000083c00000, 0x0000000083d00000|  0%| F|  |TAMS 0x0000000083c00000, 0x0000000083c00000| Untracked 
|  31|0x0000000083d00000, 0x0000000083d00000, 0x0000000083e00000|  0%| F|  |TAMS 0x0000000083d00000, 0x0000000083d00000| Untracked 
|  32|0x0000000083e00000, 0x0000000083e00000, 0x0000000083f00000|  0%| F|  |TAMS 0x0000000083e00000, 0x0000000083e00000| Untracked 
|  33|0x0000000083f00000, 0x0000000083f00000, 0x0000000084000000|  0%| F|  |TAMS 0x0000000083f00000, 0x0000000083f00000| Untracked 
|  34|0x0000000084000000, 0x0000000084000000, 0x0000000084100000|  0%| F|  |TAMS 0x0000000084000000, 0x0000000084000000| Untracked 
|  35|0x0000000084100000, 0x0000000084100000, 0x0000000084200000|  0%| F|  |TAMS 0x0000000084100000, 0x0000000084100000| Untracked 
|  36|0x0000000084200000, 0x0000000084200000, 0x0000000084300000|  0%| F|  |TAMS 0x0000000084200000, 0x0000000084200000| Untracked 
|  37|0x0000000084300000, 0x0000000084300000, 0x0000000084400000|  0%| F|  |TAMS 0x0000000084300000, 0x0000000084300000| Untracked 
|  38|0x0000000084400000, 0x0000000084400000, 0x0000000084500000|  0%| F|  |TAMS 0x0000000084400000, 0x0000000084400000| Untracked 
|  39|0x0000000084500000, 0x0000000084500000, 0x0000000084600000|  0%| F|  |TAMS 0x0000000084500000, 0x0000000084500000| Untracked 
|  40|0x0000000084600000, 0x0000000084600000, 0x0000000084700000|  0%| F|  |TAMS 0x0000000084600000, 0x0000000084600000| Untracked 
|  41|0x0000000084700000, 0x0000000084700000, 0x0000000084800000|  0%| F|  |TAMS 0x0000000084700000, 0x0000000084700000| Untracked 
|  42|0x0000000084800000, 0x0000000084800000, 0x0000000084900000|  0%| F|  |TAMS 0x0000000084800000, 0x0000000084800000| Untracked 
|  43|0x0000000084900000, 0x0000000084900000, 0x0000000084a00000|  0%| F|  |TAMS 0x0000000084900000, 0x0000000084900000| Untracked 
|  44|0x0000000084a00000, 0x0000000084a00000, 0x0000000084b00000|  0%| F|  |TAMS 0x0000000084a00000, 0x0000000084a00000| Untracked 
|  45|0x0000000084b00000, 0x0000000084b00000, 0x0000000084c00000|  0%| F|  |TAMS 0x0000000084b00000, 0x0000000084b00000| Untracked 
|  46|0x0000000084c00000, 0x0000000084c00000, 0x0000000084d00000|  0%| F|  |TAMS 0x0000000084c00000, 0x0000000084c00000| Untracked 
|  47|0x0000000084d00000, 0x0000000084d00000, 0x0000000084e00000|  0%| F|  |TAMS 0x0000000084d00000, 0x0000000084d00000| Untracked 
|  48|0x0000000084e00000, 0x0000000084e00000, 0x0000000084f00000|  0%| F|  |TAMS 0x0000000084e00000, 0x0000000084e00000| Untracked 
|  49|0x0000000084f00000, 0x0000000084f00000, 0x0000000085000000|  0%| F|  |TAMS 0x0000000084f00000, 0x0000000084f00000| Untracked 
|  50|0x0000000085000000, 0x0000000085000000, 0x0000000085100000|  0%| F|  |TAMS 0x0000000085000000, 0x0000000085000000| Untracked 
|  51|0x0000000085100000, 0x0000000085100000, 0x0000000085200000|  0%| F|  |TAMS 0x0000000085100000, 0x0000000085100000| Untracked 
|  52|0x0000000085200000, 0x0000000085200000, 0x0000000085300000|  0%| F|  |TAMS 0x0000000085200000, 0x0000000085200000| Untracked 
|  53|0x0000000085300000, 0x0000000085300000, 0x0000000085400000|  0%| F|  |TAMS 0x0000000085300000, 0x0000000085300000| Untracked 
|  54|0x0000000085400000, 0x0000000085400000, 0x0000000085500000|  0%| F|  |TAMS 0x0000000085400000, 0x0000000085400000| Untracked 
|  55|0x0000000085500000, 0x0000000085500000, 0x0000000085600000|  0%| F|  |TAMS 0x0000000085500000, 0x0000000085500000| Untracked 
|  56|0x0000000085600000, 0x0000000085600000, 0x0000000085700000|  0%| F|  |TAMS 0x0000000085600000, 0x0000000085600000| Untracked 
|  57|0x0000000085700000, 0x0000000085700000, 0x0000000085800000|  0%| F|  |TAMS 0x0000000085700000, 0x0000000085700000| Untracked 
|  58|0x0000000085800000, 0x0000000085800000, 0x0000000085900000|  0%| F|  |TAMS 0x0000000085800000, 0x0000000085800000| Untracked 
|  59|0x0000000085900000, 0x0000000085900000, 0x0000000085a00000|  0%| F|  |TAMS 0x0000000085900000, 0x0000000085900000| Untracked 
|  60|0x0000000085a00000, 0x0000000085a00000, 0x0000000085b00000|  0%| F|  |TAMS 0x0000000085a00000, 0x0000000085a00000| Untracked 
|  61|0x0000000085b00000, 0x0000000085b00000, 0x0000000085c00000|  0%| F|  |TAMS 0x0000000085b00000, 0x0000000085b00000| Untracked 
|  62|0x0000000085c00000, 0x0000000085c00000, 0x0000000085d00000|  0%| F|  |TAMS 0x0000000085c00000, 0x0000000085c00000| Untracked 
|  63|0x0000000085d00000, 0x0000000085d00000, 0x0000000085e00000|  0%| F|  |TAMS 0x0000000085d00000, 0x0000000085d00000| Untracked 
|  64|0x0000000085e00000, 0x0000000085e00000, 0x0000000085f00000|  0%| F|  |TAMS 0x0000000085e00000, 0x0000000085e00000| Untracked 
|  65|0x0000000085f00000, 0x0000000085f00000, 0x0000000086000000|  0%| F|  |TAMS 0x0000000085f00000, 0x0000000085f00000| Untracked 
|  66|0x0000000086000000, 0x0000000086000000, 0x0000000086100000|  0%| F|  |TAMS 0x0000000086000000, 0x0000000086000000| Untracked 
|  67|0x0000000086100000, 0x0000000086100000, 0x0000000086200000|  0%| F|  |TAMS 0x0000000086100000, 0x0000000086100000| Untracked 
|  68|0x0000000086200000, 0x0000000086200000, 0x0000000086300000|  0%| F|  |TAMS 0x0000000086200000, 0x0000000086200000| Untracked 
|  69|0x0000000086300000, 0x0000000086300000, 0x0000000086400000|  0%| F|  |TAMS 0x0000000086300000, 0x0000000086300000| Untracked 
|  70|0x0000000086400000, 0x0000000086400000, 0x0000000086500000|  0%| F|  |TAMS 0x0000000086400000, 0x0000000086400000| Untracked 
|  71|0x0000000086500000, 0x0000000086500000, 0x0000000086600000|  0%| F|  |TAMS 0x0000000086500000, 0x0000000086500000| Untracked 
|  72|0x0000000086600000, 0x0000000086600000, 0x0000000086700000|  0%| F|  |TAMS 0x0000000086600000, 0x0000000086600000| Untracked 
|  73|0x0000000086700000, 0x0000000086700000, 0x0000000086800000|  0%| F|  |TAMS 0x0000000086700000, 0x0000000086700000| Untracked 
|  74|0x0000000086800000, 0x0000000086800000, 0x0000000086900000|  0%| F|  |TAMS 0x0000000086800000, 0x0000000086800000| Untracked 
|  75|0x0000000086900000, 0x0000000086900000, 0x0000000086a00000|  0%| F|  |TAMS 0x0000000086900000, 0x0000000086900000| Untracked 
|  76|0x0000000086a00000, 0x0000000086a00000, 0x0000000086b00000|  0%| F|  |TAMS 0x0000000086a00000, 0x0000000086a00000| Untracked 
|  77|0x0000000086b00000, 0x0000000086b00000, 0x0000000086c00000|  0%| F|  |TAMS 0x0000000086b00000, 0x0000000086b00000| Untracked 
|  78|0x0000000086c00000, 0x0000000086c00000, 0x0000000086d00000|  0%| F|  |TAMS 0x0000000086c00000, 0x0000000086c00000| Untracked 
|  79|0x0000000086d00000, 0x0000000086d00000, 0x0000000086e00000|  0%| F|  |TAMS 0x0000000086d00000, 0x0000000086d00000| Untracked 
|  80|0x0000000086e00000, 0x0000000086e00000, 0x0000000086f00000|  0%| F|  |TAMS 0x0000000086e00000, 0x0000000086e00000| Untracked 
|  81|0x0000000086f00000, 0x0000000086f00000, 0x0000000087000000|  0%| F|  |TAMS 0x0000000086f00000, 0x0000000086f00000| Untracked 
|  82|0x0000000087000000, 0x0000000087000000, 0x0000000087100000|  0%| F|  |TAMS 0x0000000087000000, 0x0000000087000000| Untracked 
|  83|0x0000000087100000, 0x0000000087100000, 0x0000000087200000|  0%| F|  |TAMS 0x0000000087100000, 0x0000000087100000| Untracked 
|  84|0x0000000087200000, 0x0000000087200000, 0x0000000087300000|  0%| F|  |TAMS 0x0000000087200000, 0x0000000087200000| Untracked 
|  85|0x0000000087300000, 0x0000000087300000, 0x0000000087400000|  0%| F|  |TAMS 0x0000000087300000, 0x0000000087300000| Untracked 
|  86|0x0000000087400000, 0x0000000087400000, 0x0000000087500000|  0%| F|  |TAMS 0x0000000087400000, 0x0000000087400000| Untracked 
|  87|0x0000000087500000, 0x0000000087500000, 0x0000000087600000|  0%| F|  |TAMS 0x0000000087500000, 0x0000000087500000| Untracked 
|  88|0x0000000087600000, 0x0000000087600000, 0x0000000087700000|  0%| F|  |TAMS 0x0000000087600000, 0x0000000087600000| Untracked 
|  89|0x0000000087700000, 0x0000000087700000, 0x0000000087800000|  0%| F|  |TAMS 0x0000000087700000, 0x0000000087700000| Untracked 
|  90|0x0000000087800000, 0x0000000087800000, 0x0000000087900000|  0%| F|  |TAMS 0x0000000087800000, 0x0000000087800000| Untracked 
|  91|0x0000000087900000, 0x0000000087900000, 0x0000000087a00000|  0%| F|  |TAMS 0x0000000087900000, 0x0000000087900000| Untracked 
|  92|0x0000000087a00000, 0x0000000087a00000, 0x0000000087b00000|  0%| F|  |TAMS 0x0000000087a00000, 0x0000000087a00000| Untracked 
|  93|0x0000000087b00000, 0x0000000087b00000, 0x0000000087c00000|  0%| F|  |TAMS 0x0000000087b00000, 0x0000000087b00000| Untracked 
|  94|0x0000000087c00000, 0x0000000087c00000, 0x0000000087d00000|  0%| F|  |TAMS 0x0000000087c00000, 0x0000000087c00000| Untracked 
|  95|0x0000000087d00000, 0x0000000087d00000, 0x0000000087e00000|  0%| F|  |TAMS 0x0000000087d00000, 0x0000000087d00000| Untracked 
|  96|0x0000000087e00000, 0x0000000087e00000, 0x0000000087f00000|  0%| F|  |TAMS 0x0000000087e00000, 0x0000000087e00000| Untracked 
|  97|0x0000000087f00000, 0x0000000087f00000, 0x0000000088000000|  0%| F|  |TAMS 0x0000000087f00000, 0x0000000087f00000| Untracked 
|  98|0x0000000088000000, 0x0000000088000000, 0x0000000088100000|  0%| F|  |TAMS 0x0000000088000000, 0x0000000088000000| Untracked 
|  99|0x0000000088100000, 0x0000000088100000, 0x0000000088200000|  0%| F|  |TAMS 0x0000000088100000, 0x0000000088100000| Untracked 
| 100|0x0000000088200000, 0x0000000088200000, 0x0000000088300000|  0%| F|  |TAMS 0x0000000088200000, 0x0000000088200000| Untracked 
| 101|0x0000000088300000, 0x0000000088300000, 0x0000000088400000|  0%| F|  |TAMS 0x0000000088300000, 0x0000000088300000| Untracked 
| 102|0x0000000088400000, 0x0000000088400000, 0x0000000088500000|  0%| F|  |TAMS 0x0000000088400000, 0x0000000088400000| Untracked 
| 103|0x0000000088500000, 0x0000000088500000, 0x0000000088600000|  0%| F|  |TAMS 0x0000000088500000, 0x0000000088500000| Untracked 
| 104|0x0000000088600000, 0x0000000088600000, 0x0000000088700000|  0%| F|  |TAMS 0x0000000088600000, 0x0000000088600000| Untracked 
| 105|0x0000000088700000, 0x0000000088700000, 0x0000000088800000|  0%| F|  |TAMS 0x0000000088700000, 0x0000000088700000| Untracked 
| 106|0x0000000088800000, 0x0000000088800000, 0x0000000088900000|  0%| F|  |TAMS 0x0000000088800000, 0x0000000088800000| Untracked 
| 107|0x0000000088900000, 0x0000000088900000, 0x0000000088a00000|  0%| F|  |TAMS 0x0000000088900000, 0x0000000088900000| Untracked 
| 108|0x0000000088a00000, 0x0000000088a00000, 0x0000000088b00000|  0%| F|  |TAMS 0x0000000088a00000, 0x0000000088a00000| Untracked 
| 109|0x0000000088b00000, 0x0000000088b00000, 0x0000000088c00000|  0%| F|  |TAMS 0x0000000088b00000, 0x0000000088b00000| Untracked 
| 110|0x0000000088c00000, 0x0000000088c00000, 0x0000000088d00000|  0%| F|  |TAMS 0x0000000088c00000, 0x0000000088c00000| Untracked 
| 111|0x0000000088d00000, 0x0000000088d00000, 0x0000000088e00000|  0%| F|  |TAMS 0x0000000088d00000, 0x0000000088d00000| Untracked 
| 112|0x0000000088e00000, 0x0000000088e00000, 0x0000000088f00000|  0%| F|  |TAMS 0x0000000088e00000, 0x0000000088e00000| Untracked 
| 113|0x0000000088f00000, 0x0000000088f00000, 0x0000000089000000|  0%| F|  |TAMS 0x0000000088f00000, 0x0000000088f00000| Untracked 
| 114|0x0000000089000000, 0x0000000089000000, 0x0000000089100000|  0%| F|  |TAMS 0x0000000089000000, 0x0000000089000000| Untracked 
| 115|0x0000000089100000, 0x0000000089100000, 0x0000000089200000|  0%| F|  |TAMS 0x0000000089100000, 0x0000000089100000| Untracked 
| 116|0x0000000089200000, 0x0000000089300000, 0x0000000089300000|100%| E|  |TAMS 0x0000000089200000, 0x0000000089200000| Complete 
| 117|0x0000000089300000, 0x0000000089400000, 0x0000000089400000|100%| E|CS|TAMS 0x0000000089300000, 0x0000000089300000| Complete 
| 118|0x0000000089400000, 0x0000000089500000, 0x0000000089500000|100%| E|CS|TAMS 0x0000000089400000, 0x0000000089400000| Complete 
| 119|0x0000000089500000, 0x0000000089600000, 0x0000000089600000|100%| E|CS|TAMS 0x0000000089500000, 0x0000000089500000| Complete 
| 120|0x0000000089600000, 0x0000000089700000, 0x0000000089700000|100%| E|CS|TAMS 0x0000000089600000, 0x0000000089600000| Complete 
| 121|0x0000000089700000, 0x0000000089800000, 0x0000000089800000|100%| E|CS|TAMS 0x0000000089700000, 0x0000000089700000| Complete 
| 122|0x0000000089800000, 0x0000000089900000, 0x0000000089900000|100%| E|CS|TAMS 0x0000000089800000, 0x0000000089800000| Complete 
| 123|0x0000000089900000, 0x0000000089a00000, 0x0000000089a00000|100%| E|CS|TAMS 0x0000000089900000, 0x0000000089900000| Complete 
| 124|0x0000000089a00000, 0x0000000089b00000, 0x0000000089b00000|100%| E|CS|TAMS 0x0000000089a00000, 0x0000000089a00000| Complete 
| 125|0x0000000089b00000, 0x0000000089c00000, 0x0000000089c00000|100%| E|CS|TAMS 0x0000000089b00000, 0x0000000089b00000| Complete 
| 126|0x0000000089c00000, 0x0000000089d00000, 0x0000000089d00000|100%| E|CS|TAMS 0x0000000089c00000, 0x0000000089c00000| Complete 
| 127|0x0000000089d00000, 0x0000000089e00000, 0x0000000089e00000|100%| E|CS|TAMS 0x0000000089d00000, 0x0000000089d00000| Complete 

Card table byte_map: [0x0000020ff5330000,0x0000020ff5730000] _byte_map_base: 0x0000020ff4f21000

Marking Bits (Prev, Next): (CMBitMap*) 0x0000020fed7fc4e0, (CMBitMap*) 0x0000020fed7fc520
 Prev Bits: [0x0000020ff5b30000, 0x0000020ff7ab8000)
 Next Bits: [0x0000020ff7ac0000, 0x0000020ff9a48000)

Polling page: 0x0000020fecea0000

Metaspace:

Usage:
  Non-class:      9.39 MB used.
      Class:      1.23 MB used.
       Both:     10.63 MB used.

Virtual space:
  Non-class space:       16.00 MB reserved,       9.50 MB ( 59%) committed,  2 nodes.
      Class space:        1.00 GB reserved,       1.38 MB ( <1%) committed,  1 nodes.
              Both:        1.02 GB reserved,      10.88 MB (  1%) committed. 

Chunk freelists:
   Non-Class:  2.49 MB
       Class:  2.62 MB
        Both:  5.11 MB

MaxMetaspaceSize: 17179869184.00 GB
CompressedClassSpaceSize: 1.00 GB
 - commit_granule_bytes: 65536.
 - commit_granule_words: 8192.
 - virtual_space_node_default_size: 1048576.
 - enlarge_chunks_in_place: 1.
 - new_chunks_are_fully_committed: 0.
 - uncommit_free_chunks: 1.
 - use_allocation_guard: 0.
 - handle_deallocations: 1.


Internal statistics:

num_allocs_failed_limit: 0.
num_arena_births: 132.
num_arena_deaths: 0.
num_vsnodes_births: 3.
num_vsnodes_deaths: 0.
num_space_committed: 174.
num_space_uncommitted: 0.
num_chunks_returned_to_freelist: 0.
num_chunks_taken_from_freelist: 181.
num_chunk_merges: 0.
num_chunk_splits: 102.
num_chunks_enlarged: 48.
num_purges: 0.

CodeHeap 'non-profiled nmethods': size=120000Kb used=505Kb max_used=505Kb free=119495Kb
 bounds [0x0000020f87ad0000, 0x0000020f87d40000, 0x0000020f8f000000]
CodeHeap 'profiled nmethods': size=120000Kb used=3433Kb max_used=3433Kb free=116566Kb
 bounds [0x0000020f805a0000, 0x0000020f80900000, 0x0000020f87ad0000]
CodeHeap 'non-nmethods': size=5760Kb used=1306Kb max_used=1328Kb free=4453Kb
 bounds [0x0000020f80000000, 0x0000020f80270000, 0x0000020f805a0000]
 total_blobs=2470 nmethods=1836 adapters=546
 compilation: enabled
              stopped_count=0, restarted_count=0
 full_count=0

Compilation events (20 events):
Event: 30.599 Thread 0x0000020ffbfffda0 nmethod 1826 0x0000020f808f8a10 code [0x0000020f808f8c00, 0x0000020f808f9128]
Event: 30.696 Thread 0x0000020ffbffeca0 1827       4       java.awt.Container::getMouseEventTarget (50 bytes)
Event: 30.705 Thread 0x0000020ffbffeca0 nmethod 1827 0x0000020f87b4a210 code [0x0000020f87b4a460, 0x0000020f87b4bbe8]
Event: 30.752 Thread 0x0000020ffbffeca0 1828       4       java.awt.event.InputEvent::consume (6 bytes)
Event: 30.752 Thread 0x0000020ffbffeca0 nmethod 1828 0x0000020f87b4c910 code [0x0000020f87b4ca80, 0x0000020f87b4caf8]
Event: 30.828 Thread 0x0000020ffbfffda0 1829       3       java.awt.Toolkit$ToolkitEventMulticaster::eventDispatched (27 bytes)
Event: 30.828 Thread 0x0000020ffbfffda0 nmethod 1829 0x0000020f808f9310 code [0x0000020f808f94e0, 0x0000020f808f99d8]
Event: 30.842 Thread 0x0000020ffbffeca0 1830   !   4       sun.awt.PostEventQueue::flush (168 bytes)
Event: 30.844 Thread 0x0000020ffbfffda0 1831       3       java.awt.ModalEventFilter$ApplicationModalEventFilter::acceptWindow (57 bytes)
Event: 30.844 Thread 0x0000020ffbfffda0 nmethod 1831 0x0000020f808f9b10 code [0x0000020f808f9d00, 0x0000020f808fa348]
Event: 30.847 Thread 0x0000020ffbfffda0 1833       1       javax.swing.AbstractButton::getVerticalAlignment (5 bytes)
Event: 30.847 Thread 0x0000020ffbfffda0 nmethod 1833 0x0000020f87b4cc10 code [0x0000020f87b4cda0, 0x0000020f87b4ce78]
Event: 30.847 Thread 0x0000020ffbfffda0 1834       1       javax.swing.AbstractButton::getHorizontalAlignment (5 bytes)
Event: 30.847 Thread 0x0000020ffbfffda0 nmethod 1834 0x0000020f87b4cf10 code [0x0000020f87b4d0a0, 0x0000020f87b4d178]
Event: 30.847 Thread 0x0000020ffbfffda0 1835       1       javax.swing.AbstractButton::getVerticalTextPosition (5 bytes)
Event: 30.847 Thread 0x0000020ffbfffda0 nmethod 1835 0x0000020f87b4d210 code [0x0000020f87b4d3a0, 0x0000020f87b4d478]
Event: 30.847 Thread 0x0000020ffbfffda0 1836       1       javax.swing.AbstractButton::getHorizontalTextPosition (5 bytes)
Event: 30.847 Thread 0x0000020ffbfffda0 nmethod 1836 0x0000020f87b4d510 code [0x0000020f87b4d6a0, 0x0000020f87b4d778]
Event: 30.847 Thread 0x0000020ffbfffda0 1837       1       javax.swing.AbstractButton::getIconTextGap (5 bytes)
Event: 30.847 Thread 0x0000020ffbfffda0 nmethod 1837 0x0000020f87b4d810 code [0x0000020f87b4d9a0, 0x0000020f87b4da78]

GC Heap History (0 events):
No events

Deoptimization events (20 events):
Event: 29.379 Thread 0x0000020ffd922b70 Uncommon trap: trap_request=0xffffffde fr.pc=0x0000020f87b068a8 relative=0x0000000000000188
Event: 29.379 Thread 0x0000020ffd922b70 Uncommon trap: reason=class_check action=maybe_recompile pc=0x0000020f87b068a8 method=java.lang.String.equals(Ljava/lang/Object;)Z @ 8 c2
Event: 29.379 Thread 0x0000020ffd922b70 DEOPT PACKING pc=0x0000020f87b068a8 sp=0x0000008d915fcc70
Event: 29.379 Thread 0x0000020ffd922b70 DEOPT UNPACKING pc=0x0000020f8004d72e sp=0x0000008d915fcbf8 mode 2
Event: 29.380 Thread 0x0000020ffd922b70 Uncommon trap: trap_request=0xffffffde fr.pc=0x0000020f87b068a8 relative=0x0000000000000188
Event: 29.380 Thread 0x0000020ffd922b70 Uncommon trap: reason=class_check action=maybe_recompile pc=0x0000020f87b068a8 method=java.lang.String.equals(Ljava/lang/Object;)Z @ 8 c2
Event: 29.380 Thread 0x0000020ffd922b70 DEOPT PACKING pc=0x0000020f87b068a8 sp=0x0000008d915fd4d0
Event: 29.380 Thread 0x0000020ffd922b70 DEOPT UNPACKING pc=0x0000020f8004d72e sp=0x0000008d915fd458 mode 2
Event: 29.380 Thread 0x0000020ffd922b70 Uncommon trap: trap_request=0xffffffde fr.pc=0x0000020f87b068a8 relative=0x0000000000000188
Event: 29.380 Thread 0x0000020ffd922b70 Uncommon trap: reason=class_check action=maybe_recompile pc=0x0000020f87b068a8 method=java.lang.String.equals(Ljava/lang/Object;)Z @ 8 c2
Event: 29.380 Thread 0x0000020ffd922b70 DEOPT PACKING pc=0x0000020f87b068a8 sp=0x0000008d915fd4d0
Event: 29.380 Thread 0x0000020ffd922b70 DEOPT UNPACKING pc=0x0000020f8004d72e sp=0x0000008d915fd458 mode 2
Event: 29.380 Thread 0x0000020ffd922b70 Uncommon trap: trap_request=0xffffffde fr.pc=0x0000020f87b068a8 relative=0x0000000000000188
Event: 29.380 Thread 0x0000020ffd922b70 Uncommon trap: reason=class_check action=maybe_recompile pc=0x0000020f87b068a8 method=java.lang.String.equals(Ljava/lang/Object;)Z @ 8 c2
Event: 29.380 Thread 0x0000020ffd922b70 DEOPT PACKING pc=0x0000020f87b068a8 sp=0x0000008d915fd4d0
Event: 29.380 Thread 0x0000020ffd922b70 DEOPT UNPACKING pc=0x0000020f8004d72e sp=0x0000008d915fd458 mode 2
Event: 29.393 Thread 0x0000020ffd922b70 Uncommon trap: trap_request=0xffffff45 fr.pc=0x0000020f87b211fc relative=0x000000000000095c
Event: 29.393 Thread 0x0000020ffd922b70 Uncommon trap: reason=unstable_if action=reinterpret pc=0x0000020f87b211fc method=java.awt.Container.findComponentAtImpl(IIZ)Ljava/awt/Component; @ 131 c2
Event: 29.393 Thread 0x0000020ffd922b70 DEOPT PACKING pc=0x0000020f87b211fc sp=0x0000008d915fd940
Event: 29.393 Thread 0x0000020ffd922b70 DEOPT UNPACKING pc=0x0000020f8004d72e sp=0x0000008d915fd7c0 mode 2

Classes unloaded (0 events):
No events

Classes redefined (0 events):
No events

Internal exceptions (19 events):
Event: 0.057 Thread 0x0000020fed7b46c0 Exception <a 'sun/nio/fs/WindowsException'{0x0000000089c2ea88}> (0x0000000089c2ea88) 
thrown [t:\workspace\open\src\hotspot\share\prims\jni.cpp, line 579]
Event: 0.057 Thread 0x0000020fed7b46c0 Exception <a 'sun/nio/fs/WindowsException'{0x0000000089c2ef78}> (0x0000000089c2ef78) 
thrown [t:\workspace\open\src\hotspot\share\prims\jni.cpp, line 579]
Event: 0.058 Thread 0x0000020fed7b46c0 Exception <a 'sun/nio/fs/WindowsException'{0x0000000089c31108}> (0x0000000089c31108) 
thrown [t:\workspace\open\src\hotspot\share\prims\jni.cpp, line 579]
Event: 0.105 Thread 0x0000020fed7b46c0 Exception <a 'java/lang/NoSuchMethodError'{0x0000000089cc6af8}: 'void java.lang.invoke.DirectMethodHandle$Holder.invokeSpecial(java.lang.Object, java.lang.Object, java.lang.Object)'> (0x0000000089cc6af8) 
thrown [t:\workspace\open\src\hotspot\share\interpreter\linkResolver.cpp, line 790]
Event: 0.112 Thread 0x0000020fed7b46c0 Exception <a 'java/lang/ClassNotFoundException'{0x0000000089cdd798}: sun/awt/resources/spi/awtProvider> (0x0000000089cdd798) 
thrown [t:\workspace\open\src\hotspot\share\classfile\systemDictionary.cpp, line 256]
Event: 0.130 Thread 0x0000020fed7b46c0 Exception <a 'java/io/FileNotFoundException'{0x0000000089b32208}> (0x0000000089b32208) 
thrown [t:\workspace\open\src\hotspot\share\prims\jni.cpp, line 579]
Event: 0.135 Thread 0x0000020fed7b46c0 Exception <a 'java/io/FileNotFoundException'{0x0000000089b61050}> (0x0000000089b61050) 
thrown [t:\workspace\open\src\hotspot\share\prims\jni.cpp, line 579]
Event: 0.135 Thread 0x0000020fed7b46c0 Exception <a 'java/lang/NoSuchMethodError'{0x0000000089b62148}: 'java.lang.Object java.lang.invoke.DirectMethodHandle$Holder.invokeStatic(java.lang.Object)'> (0x0000000089b62148) 
thrown [t:\workspace\open\src\hotspot\share\interpreter\linkResolver.cpp, line 790]
Event: 0.168 Thread 0x0000020fed7b46c0 Exception <a 'java/lang/NoSuchMethodError'{0x0000000089bc3670}: 'java.lang.Object java.lang.invoke.DirectMethodHandle$Holder.invokeStaticInit(java.lang.Object)'> (0x0000000089bc3670) 
thrown [t:\workspace\open\src\hotspot\share\interpreter\linkResolver.cpp, line 790]
Event: 0.227 Thread 0x0000020fed7b46c0 Exception <a 'java/lang/NoSuchMethodError'{0x0000000089a78ba0}: 'java.lang.Object java.lang.invoke.DirectMethodHandle$Holder.newInvokeSpecial(java.lang.Object, java.lang.Object, java.lang.Object, java.lang.Object, java.lang.Object)'> (0x0000000089a78ba0) 
thrown [t:\workspace\open\src\hotspot\share\interpreter\linkResolver.cpp, line 790]
Event: 0.229 Thread 0x0000020fed7b46c0 Exception <a 'java/lang/NoSuchMethodError'{0x0000000089a84688}: 'java.lang.Object java.lang.invoke.DirectMethodHandle$Holder.invokeStatic(java.lang.Object, int, java.lang.Object, java.lang.Object, java.lang.Object, java.lang.Object)'> (0x0000000089a84688) 
thrown [t:\workspace\open\src\hotspot\share\interpreter\linkResolver.cpp, line 790]
Event: 0.232 Thread 0x0000020fed7b46c0 Exception <a 'java/lang/NoSuchMethodError'{0x0000000089aaaa30}: 'java.lang.Object java.lang.invoke.DirectMethodHandle$Holder.invokeStatic(java.lang.Object, int, java.lang.Object)'> (0x0000000089aaaa30) 
thrown [t:\workspace\open\src\hotspot\share\interpreter\linkResolver.cpp, line 790]
Event: 0.252 Thread 0x0000020fed7b46c0 Exception <a 'java/lang/ClassNotFoundException'{0x0000000089963718}: com/sun/swing/internal/plaf/metal/resources/spi/metalProvider> (0x0000000089963718) 
thrown [t:\workspace\open\src\hotspot\share\classfile\systemDictionary.cpp, line 256]
Event: 0.253 Thread 0x0000020fed7b46c0 Exception <a 'java/lang/ClassNotFoundException'{0x0000000089967780}: com/sun/swing/internal/plaf/basic/resources/spi/basicProvider> (0x0000000089967780) 
thrown [t:\workspace\open\src\hotspot\share\classfile\systemDictionary.cpp, line 256]
Event: 0.317 Thread 0x0000020fed7b46c0 Exception <a 'java/lang/NoSuchMethodError'{0x00000000899fbb60}: 'void java.lang.invoke.DirectMethodHandle$Holder.invokeStatic(java.lang.Object, java.lang.Object, java.lang.Object)'> (0x00000000899fbb60) 
thrown [t:\workspace\open\src\hotspot\share\interpreter\linkResolver.cpp, line 790]
Event: 0.318 Thread 0x0000020fed7b46c0 Exception <a 'java/lang/NoSuchMethodError'{0x0000000089802778}: 'void java.lang.invoke.DirectMethodHandle$Holder.invokeStatic(java.lang.Object, java.lang.Object)'> (0x0000000089802778) 
thrown [t:\workspace\open\src\hotspot\share\interpreter\linkResolver.cpp, line 790]
Event: 0.409 Thread 0x0000020fed7b46c0 Exception <a 'java/lang/NoSuchMethodError'{0x0000000089638da0}: 'void java.lang.invoke.DirectMethodHandle$Holder.invokeStaticInit(java.lang.Object)'> (0x0000000089638da0) 
thrown [t:\workspace\open\src\hotspot\share\interpreter\linkResolver.cpp, line 790]
Event: 0.431 Thread 0x0000020ffceddaf0 Exception <a 'java/lang/NoSuchMethodError'{0x0000000089a0fe20}: 'void java.lang.invoke.DirectMethodHandle$Holder.invokeVirtual(java.lang.Object, java.lang.Object)'> (0x0000000089a0fe20) 
thrown [t:\workspace\open\src\hotspot\share\interpreter\linkResolver.cpp, line 790]
Event: 29.392 Thread 0x0000020ffd922b70 Exception <a 'java/lang/NoSuchMethodError'{0x00000000893dab68}: 'int java.lang.invoke.DirectMethodHandle$Holder.invokeStatic(java.lang.Object)'> (0x00000000893dab68) 
thrown [t:\workspace\open\src\hotspot\share\interpreter\linkResolver.cpp, line 790]

Events (20 events):
Event: 29.391 loading class sun/awt/ModalityEvent
Event: 29.391 loading class sun/awt/ModalityEvent done
Event: 29.391 loading class java/util/Vector$Itr
Event: 29.391 loading class java/util/Vector$Itr done
Event: 29.392 loading class java/awt/WaitDispatchSupport
Event: 29.392 loading class java/awt/SecondaryLoop
Event: 29.392 loading class java/awt/SecondaryLoop done
Event: 29.393 loading class java/awt/WaitDispatchSupport done
Event: 29.393 loading class java/awt/WaitDispatchSupport$5
Event: 29.393 loading class java/awt/WaitDispatchSupport$5 done
Event: 29.393 loading class java/awt/WaitDispatchSupport$1
Event: 29.393 loading class java/awt/WaitDispatchSupport$1 done
Event: 29.393 loading class java/awt/WaitDispatchSupport$2
Event: 29.393 loading class java/awt/WaitDispatchSupport$2 done
Event: 29.393 loading class java/awt/WaitDispatchSupport$4
Event: 29.393 loading class java/awt/WaitDispatchSupport$4 done
Event: 29.393 loading class sun/awt/ModalExclude
Event: 29.393 loading class sun/awt/ModalExclude done
Event: 29.402 Executing  VM operation: ICBufferFull
Event: 29.402 Executing  VM operation: ICBufferFull done


Dynamic libraries:
0x00007ff60c420000 - 0x00007ff60c430000 	C:\Program Files\Java\jdk-16.0.2\bin\java.exe
0x00007ffa3c760000 - 0x00007ffa3c931000 	C:\Windows\SYSTEM32\ntdll.dll
0x00007ffa3a040000 - 0x00007ffa3a0eb000 	C:\Windows\System32\KERNEL32.DLL
0x00007ffa38d10000 - 0x00007ffa38f2d000 	C:\Windows\System32\KERNELBASE.dll
0x00007ffa39610000 - 0x00007ffa39705000 	C:\Windows\System32\ucrtbase.dll
0x00007ffa34070000 - 0x00007ffa34088000 	C:\Program Files\Java\jdk-16.0.2\bin\jli.dll
0x00007ffa3a300000 - 0x00007ffa3a3a2000 	C:\Windows\System32\ADVAPI32.dll
0x00007ffa39fa0000 - 0x00007ffa3a03e000 	C:\Windows\System32\msvcrt.dll
0x00007ffa3a270000 - 0x00007ffa3a2c9000 	C:\Windows\System32\sechost.dll
0x00007ffa3a100000 - 0x00007ffa3a221000 	C:\Windows\System32\RPCRT4.dll
0x00007ffa39e30000 - 0x00007ffa39f95000 	C:\Windows\System32\USER32.dll
0x00007ffa38cf0000 - 0x00007ffa38d0e000 	C:\Windows\System32\win32u.dll
0x00007ffa3a230000 - 0x00007ffa3a264000 	C:\Windows\System32\GDI32.dll
0x00007ffa39710000 - 0x00007ffa39892000 	C:\Windows\System32\gdi32full.dll
0x00007ffa36d90000 - 0x00007ffa36da9000 	C:\Program Files\Java\jdk-16.0.2\bin\VCRUNTIME140.dll
0x00007ffa283b0000 - 0x00007ffa28629000 	C:\Windows\WinSxS\amd64_microsoft.windows.common-controls_6595b64144ccf1df_6.0.14393.0_none_2d0f50fcbdb171b8\COMCTL32.dll
0x00007ffa3b9e0000 - 0x00007ffa3bca7000 	C:\Windows\System32\combase.dll
0x00007ffa39a70000 - 0x00007ffa39ada000 	C:\Windows\System32\bcryptPrimitives.dll
0x00007ffa32fb0000 - 0x00007ffa32fba000 	C:\Windows\SYSTEM32\VERSION.dll
0x00007ffa3a2d0000 - 0x00007ffa3a2fe000 	C:\Windows\System32\IMM32.DLL
0x00007ffa37b70000 - 0x00007ffa37b89000 	C:\Windows\SYSTEM32\prochook.dll
0x00007ffa36d80000 - 0x00007ffa36d8c000 	C:\Program Files\Java\jdk-16.0.2\bin\vcruntime140_1.dll
0x00007ffa2ff90000 - 0x00007ffa30021000 	C:\Program Files\Java\jdk-16.0.2\bin\msvcp140.dll
0x00007ffa2d940000 - 0x00007ffa2e4eb000 	C:\Program Files\Java\jdk-16.0.2\bin\server\jvm.dll
0x00007ffa3c580000 - 0x00007ffa3c588000 	C:\Windows\System32\PSAPI.DLL
0x00007ffa36db0000 - 0x00007ffa36db9000 	C:\Windows\SYSTEM32\WSOCK32.dll
0x00007ffa3bf40000 - 0x00007ffa3bfaa000 	C:\Windows\System32\WS2_32.dll
0x00007ffa367d0000 - 0x00007ffa367f3000 	C:\Windows\SYSTEM32\WINMM.dll
0x00007ffa367a0000 - 0x00007ffa367cb000 	C:\Windows\SYSTEM32\WINMMBASE.dll
0x00007ffa39bf0000 - 0x00007ffa39c32000 	C:\Windows\System32\cfgmgr32.dll
0x00007ffa38c80000 - 0x00007ffa38c8f000 	C:\Windows\System32\kernel.appcore.dll
0x00007ffa36d30000 - 0x00007ffa36d3a000 	C:\Program Files\Java\jdk-16.0.2\bin\jimage.dll
0x00007ffa217c0000 - 0x00007ffa21952000 	C:\Windows\SYSTEM32\DBGHELP.DLL
0x00007ffa36c10000 - 0x00007ffa36c39000 	C:\Windows\SYSTEM32\dbgcore.DLL
0x00007ffa37ad0000 - 0x00007ffa37b66000 	C:\Program Files (x86)\GBillingClient\x64\prochook.dll
0x00007ffa36c40000 - 0x00007ffa36c65000 	C:\Program Files\Java\jdk-16.0.2\bin\java.dll
0x00007ffa3a4d0000 - 0x00007ffa3b9d8000 	C:\Windows\System32\SHELL32.dll
0x00007ffa38f30000 - 0x00007ffa3960a000 	C:\Windows\System32\windows.storage.dll
0x00007ffa38ca0000 - 0x00007ffa38cec000 	C:\Windows\System32\powrprof.dll
0x00007ffa3bd10000 - 0x00007ffa3bd62000 	C:\Windows\System32\shlwapi.dll
0x00007ffa39c40000 - 0x00007ffa39ce9000 	C:\Windows\System32\shcore.dll
0x00007ffa38c60000 - 0x00007ffa38c74000 	C:\Windows\System32\profapi.dll
0x00007ffa36bf0000 - 0x00007ffa36c09000 	C:\Program Files\Java\jdk-16.0.2\bin\net.dll
0x00007ffa33460000 - 0x00007ffa3352c000 	C:\Windows\SYSTEM32\WINHTTP.dll
0x00007ffa38590000 - 0x00007ffa385ec000 	C:\Windows\system32\mswsock.dll
0x00007ffa36160000 - 0x00007ffa36173000 	C:\Program Files\Java\jdk-16.0.2\bin\nio.dll
0x00007ffa35fd0000 - 0x00007ffa35fe8000 	C:\Program Files\Java\jdk-16.0.2\bin\zip.dll
0x00007ffa30630000 - 0x00007ffa307b0000 	C:\Program Files\Java\jdk-16.0.2\bin\awt.dll
0x00007ffa3a410000 - 0x00007ffa3a4cc000 	C:\Windows\System32\OLEAUT32.dll
0x00007ffa37000000 - 0x00007ffa3707a000 	C:\Windows\SYSTEM32\apphelp.dll
0x00007ffa36120000 - 0x00007ffa36146000 	C:\Windows\system32\DWMAPI.DLL
0x00007ffa37330000 - 0x00007ffa373c5000 	C:\Windows\system32\uxtheme.dll
0x00007ffa2f300000 - 0x00007ffa2f423000 	C:\Windows\system32\opengl32.dll
0x00007ffa2f200000 - 0x00007ffa2f2f7000 	C:\Windows\SYSTEM32\DDRAW.dll
0x00007ffa33190000 - 0x00007ffa331bd000 	C:\Windows\SYSTEM32\GLU32.dll
0x00007ffa36150000 - 0x00007ffa36158000 	C:\Windows\SYSTEM32\DCIMAN32.dll
0x00007ffa3bd70000 - 0x00007ffa3becb000 	C:\Windows\System32\MSCTF.dll
0x00007ffa39cf0000 - 0x00007ffa39e27000 	C:\Windows\System32\ole32.dll
0x00007ffa33e80000 - 0x00007ffa3400d000 	C:\Windows\system32\d3d9.dll
0x00007ffa346a0000 - 0x00007ffa3478b000 	C:\Windows\System32\DriverStore\FileRepository\nv_dispi.inf_amd64_c1a085cc86772d3f\nvldumdx.dll
0x00007ffa398a0000 - 0x00007ffa39a68000 	C:\Windows\System32\crypt32.dll
0x00007ffa38c90000 - 0x00007ffa38ca0000 	C:\Windows\System32\MSASN1.dll
0x00007ffa38730000 - 0x00007ffa38747000 	C:\Windows\SYSTEM32\CRYPTSP.dll
0x00007ffa381a0000 - 0x00007ffa381d3000 	C:\Windows\system32\rsaenh.dll
0x00007ffa38840000 - 0x00007ffa3886b000 	C:\Windows\SYSTEM32\bcrypt.dll
0x00007ffa38750000 - 0x00007ffa3875b000 	C:\Windows\SYSTEM32\CRYPTBASE.dll
0x00007ffa17050000 - 0x00007ffa1825d000 	C:\Windows\System32\DriverStore\FileRepository\nv_dispi.inf_amd64_c1a085cc86772d3f\nvd3dumx.dll
0x00007ffa2f8b0000 - 0x00007ffa2f99c000 	C:\Program Files (x86)\NVIDIA Corporation\3D Vision\nvSCPAPI64.dll
0x00007ffa3bfb0000 - 0x00007ffa3c3d9000 	C:\Windows\System32\SETUPAPI.dll
0x00007ffa2f170000 - 0x00007ffa2f1f9000 	C:\Program Files\Java\jdk-16.0.2\bin\freetype.dll
0x00007ffa2f070000 - 0x00007ffa2f166000 	C:\Program Files\Java\jdk-16.0.2\bin\harfbuzz.dll
0x00007ffa33050000 - 0x00007ffa33062000 	C:\Program Files\Java\jdk-16.0.2\bin\fontmanager.dll
0x00007ffa3c3e0000 - 0x00007ffa3c47f000 	C:\Windows\System32\clbcatq.dll
0x00007ffa35930000 - 0x00007ffa35ad8000 	C:\Windows\SYSTEM32\WindowsCodecs.dll
0x00007ffa25ba0000 - 0x00007ffa25be9000 	C:\Windows\system32\dataexchange.dll
0x00007ffa361b0000 - 0x00007ffa36301000 	C:\Windows\system32\dcomp.dll
0x00007ffa35210000 - 0x00007ffa354c6000 	C:\Windows\system32\d3d11.dll
0x00007ffa37bf0000 - 0x00007ffa37c8f000 	C:\Windows\system32\dxgi.dll
0x00007ffa37690000 - 0x00007ffa377ac000 	C:\Windows\system32\twinapi.appcore.dll
0x0000000180000000 - 0x0000000180054000 	C:\Program Files\UniKey\UKHook40.dll

dbghelp: loaded successfully - version: 4.0.5 - missing functions: none
symbol engine: initialized successfully - sym options: 0x614 - pdb path: .;C:\Program Files\Java\jdk-16.0.2\bin;C:\Windows\SYSTEM32;C:\Windows\WinSxS\amd64_microsoft.windows.common-controls_6595b64144ccf1df_6.0.14393.0_none_2d0f50fcbdb171b8;C:\Program Files\Java\jdk-16.0.2\bin\server;C:\Program Files (x86)\GBillingClient\x64;C:\Windows\System32\DriverStore\FileRepository\nv_dispi.inf_amd64_c1a085cc86772d3f;C:\Program Files (x86)\NVIDIA Corporation\3D Vision;C:\Program Files\UniKey

VM Arguments:
jvm_args: -Dfile.encoding=UTF-8 --module-path=C:\Users\Administrator\Downloads\Tool8Ball\build\classes 
java_command: tool8ball.JFrameSetting
java_class_path (initial): C:\Program Files\NetBeans-12.4\netbeans\java\modules\ext\AbsoluteLayout.jar;C:\Users\Administrator\Downloads\Tool8Ball\build\classes
Launcher Type: SUN_STANDARD

[Global flags]
     intx CICompilerCount                          = 3                                         {product} {ergonomic}
     uint ConcGCThreads                            = 1                                         {product} {ergonomic}
     uint G1ConcRefinementThreads                  = 4                                         {product} {ergonomic}
   size_t G1HeapRegionSize                         = 1048576                                   {product} {ergonomic}
    uintx GCDrainStackTargetSize                   = 64                                        {product} {ergonomic}
   size_t InitialHeapSize                          = 134217728                                 {product} {ergonomic}
   size_t MarkStackSize                            = 4194304                                   {product} {ergonomic}
   size_t MaxHeapSize                              = 2116026368                                {product} {ergonomic}
   size_t MaxNewSize                               = 1268776960                                {product} {ergonomic}
   size_t MinHeapDeltaBytes                        = 1048576                                   {product} {ergonomic}
   size_t MinHeapSize                              = 8388608                                   {product} {ergonomic}
    uintx NonNMethodCodeHeapSize                   = 5832780                                {pd product} {ergonomic}
    uintx NonProfiledCodeHeapSize                  = 122912730                              {pd product} {ergonomic}
    uintx ProfiledCodeHeapSize                     = 122912730                              {pd product} {ergonomic}
    uintx ReservedCodeCacheSize                    = 251658240                              {pd product} {ergonomic}
     bool SegmentedCodeCache                       = true                                      {product} {ergonomic}
   size_t SoftMaxHeapSize                          = 2116026368                             {manageable} {ergonomic}
     bool UseCompressedClassPointers               = true                           {product lp64_product} {ergonomic}
     bool UseCompressedOops                        = true                           {product lp64_product} {ergonomic}
     bool UseG1GC                                  = true                                      {product} {ergonomic}
     bool UseLargePagesIndividualAllocation        = false                                  {pd product} {ergonomic}

Logging:
Log output configuration:
 #0: stdout all=warning uptime,level,tags
 #1: stderr all=off uptime,level,tags

Environment Variables:
PATH=C:\Program Files\Common Files\Oracle\Java\javapath;C:\ProgramData\Oracle\Java\javapath;C:\Windows\system32;C:\Windows;C:\Windows\System32\Wbem;C:\Windows\System32\WindowsPowerShell\v1.0\;C:\Program Files (x86)\NVIDIA Corporation\PhysX\Common;C:\Users\Administrator\AppData\Local\Microsoft\WindowsApps;
USERNAME=Administrator
OS=Windows_NT
PROCESSOR_IDENTIFIER=Intel64 Family 6 Model 158 Stepping 10, GenuineIntel



---------------  S Y S T E M  ---------------

OS:
 Windows 10 , 64 bit Build 14393 (10.0.14393.0)
OS uptime: 0 days 10:39 hours

CPU: total 4 (initial active 4) (4 cores per cpu, 1 threads per core) family 6 model 158 stepping 10 microcode 0x9a, cx8, cmov, fxsr, mmx, 3dnowpref, sse, sse2, sse3, ssse3, sse4.1, sse4.2, popcnt, lzcnt, tsc, tscinvbit, avx, avx2, aes, erms, clmul, bmi1, bmi2, adx, fma, vzeroupper, clflush, clflushopt

Memory: 4k page, system-wide physical 8070M (1612M free)
TotalPageFile size 12166M (AvailPageFile size 5M)
current process WorkingSet (physical memory assigned to process): 93M, peak: 93M
current process commit charge ("private bytes"): 249M, peak: 250M

vm_info: Java HotSpot(TM) 64-Bit Server VM (16.0.2+7-67) for windows-amd64 JRE (16.0.2+7-67), built on Jun  8 2021 23:24:19 by "mach5one" with MS VC++ 16.7 (VS2019)

END.
