#
# There is insufficient memory for the Java Runtime Environment to continue.
# Native memory allocation (malloc) failed to allocate 35536 bytes for Chunk::new
# Possible reasons:
#   The system is out of physical RAM or swap space
#   The process is running with CompressedOops enabled, and the Java Heap may be blocking the growth of the native heap
# Possible solutions:
#   Reduce memory load on the system
#   Increase physical memory or swap space
#   Check if swap backing store is full
#   Decrease Java heap size (-Xmx/-Xms)
#   Decrease number of Java threads
#   Decrease Java thread stack sizes (-Xss)
#   Set larger code cache with -XX:ReservedCodeCacheSize=
#   JVM is running with Unscaled Compressed Oops mode in which the Java heap is
#     placed in the first 4GB address space. The Java Heap base address is the
#     maximum limit for the native heap growth. Please use -XX:HeapBaseMinAddress
#     to set the Java Heap base and to place the Java Heap above 4GB virtual address.
# This output file may be truncated or incomplete.
#
#  Out of Memory Error (arena.cpp:195), pid=6412, tid=7416
#
# JRE version: Java(TM) SE Runtime Environment (16.0.2+7) (build 16.0.2+7-67)
# Java VM: Java HotSpot(TM) 64-Bit Server VM (16.0.2+7-67, mixed mode, sharing, tiered, compressed oops, compressed class ptrs, g1 gc, windows-amd64)
# No core dump will be written. Minidumps are not enabled by default on client versions of Windows
#

---------------  S U M M A R Y ------------

Command Line: -Dfile.encoding=UTF-8 -agentlib:jdwp=transport=dt_shmem,address=javadebug --module-path=C:\Users\Administrator\Downloads\Tool8Ball\build\classes tool8ball.JFrameSetting

Host: Intel(R) Core(TM) i3-9100F CPU @ 3.60GHz, 4 cores, 7G,  Windows 10 , 64 bit Build 14393 (10.0.14393.0)
Time: Thu Aug  5 01:11:47 2021 SE Asia Standard Time elapsed time: 0.544997 seconds (0d 0h 0m 0s)

---------------  T H R E A D  ---------------

Current thread (0x000001fbb9e9f460):  JavaThread "C2 CompilerThread0" daemon [_thread_in_native, id=7416, stack(0x00000045b7c00000,0x00000045b7d00000)]


Current CompileTask:
C2:    545  801       4       java.util.Arrays::binarySearch0 (95 bytes)

Stack: [0x00000045b7c00000,0x00000045b7d00000]
Native frames: (J=compiled Java code, j=interpreted, Vv=VM code, C=native code)
V  [jvm.dll+0x6681ca]
V  [jvm.dll+0x7c9e69]
V  [jvm.dll+0x7cb61e]
V  [jvm.dll+0x7cbc73]
V  [jvm.dll+0x242c55]
V  [jvm.dll+0xadeba]
V  [jvm.dll+0xae45c]
V  [jvm.dll+0x35a882]
V  [jvm.dll+0x1b9aca]
V  [jvm.dll+0x215e16]
V  [jvm.dll+0x215100]
V  [jvm.dll+0x1a1beb]
V  [jvm.dll+0x225158]
V  [jvm.dll+0x22319c]
V  [jvm.dll+0x77fa62]
V  [jvm.dll+0x7795aa]
V  [jvm.dll+0x667066]
C  [ucrtbase.dll+0x1cab0]
C  [KERNEL32.DLL+0x8364]
C  [ntdll.dll+0x65e91]


---------------  P R O C E S S  ---------------

Threads class SMR info:
_java_thread_list=0x000001fbbb7668f0, length=21, elements={
0x000001fbb9e88410, 0x000001fbb9e8b0a0, 0x000001fbb9e998b0, 0x000001fbb9e9c1d0,
0x000001fbb9e9cf00, 0x000001fbb9e9d810, 0x000001fbb9e9f460, 0x000001fbb9eae6f0,
0x000001fbb9ec1060, 0x000001fbb9f3e880, 0x000001fbbaabbda0, 0x000001fbbaabcc90,
0x000001fbba9f5c10, 0x000001fbbaa61400, 0x000001fbbac129e0, 0x000001fbbac16130,
0x000001fbbac3a670, 0x000001fbbb7e7bf0, 0x000001fb9a3d35b0, 0x000001fbbb8826d0,
0x000001fbbb83e400
}

Java Threads: ( => current thread )
  0x000001fbb9e88410 JavaThread "Reference Handler" daemon [_thread_blocked, id=5736, stack(0x00000045b7600000,0x00000045b7700000)]
  0x000001fbb9e8b0a0 JavaThread "Finalizer" daemon [_thread_blocked, id=2916, stack(0x00000045b7700000,0x00000045b7800000)]
  0x000001fbb9e998b0 JavaThread "Signal Dispatcher" daemon [_thread_blocked, id=788, stack(0x00000045b7800000,0x00000045b7900000)]
  0x000001fbb9e9c1d0 JavaThread "Attach Listener" daemon [_thread_blocked, id=5540, stack(0x00000045b7900000,0x00000045b7a00000)]
  0x000001fbb9e9cf00 JavaThread "Service Thread" daemon [_thread_blocked, id=4432, stack(0x00000045b7a00000,0x00000045b7b00000)]
  0x000001fbb9e9d810 JavaThread "Monitor Deflation Thread" daemon [_thread_blocked, id=7288, stack(0x00000045b7b00000,0x00000045b7c00000)]
=>0x000001fbb9e9f460 JavaThread "C2 CompilerThread0" daemon [_thread_in_native, id=7416, stack(0x00000045b7c00000,0x00000045b7d00000)]
  0x000001fbb9eae6f0 JavaThread "C1 CompilerThread0" daemon [_thread_blocked, id=8064, stack(0x00000045b7d00000,0x00000045b7e00000)]
  0x000001fbb9ec1060 JavaThread "Sweeper thread" daemon [_thread_blocked, id=6320, stack(0x00000045b7e00000,0x00000045b7f00000)]
  0x000001fbb9f3e880 JavaThread "Common-Cleaner" daemon [_thread_blocked, id=6600, stack(0x00000045b7f00000,0x00000045b8000000)]
  0x000001fbbaabbda0 JavaThread "JDWP Transport Listener: dt_shmem" daemon [_thread_blocked, id=6428, stack(0x00000045b8100000,0x00000045b8200000)]
  0x000001fbbaabcc90 JavaThread "JDWP Event Helper Thread" daemon [_thread_blocked, id=5756, stack(0x00000045b8200000,0x00000045b8300000)]
  0x000001fbba9f5c10 JavaThread "JDWP Command Reader" daemon [_thread_in_native, id=6316, stack(0x00000045b8300000,0x00000045b8400000)]
  0x000001fbbaa61400 JavaThread "Notification Thread" daemon [_thread_blocked, id=2576, stack(0x00000045b8400000,0x00000045b8500000)]
  0x000001fbbac129e0 JavaThread "Java2D Disposer" daemon [_thread_blocked, id=4292, stack(0x00000045b8600000,0x00000045b8700000)]
  0x000001fbbac16130 JavaThread "AWT-Shutdown" [_thread_blocked, id=8068, stack(0x00000045b8700000,0x00000045b8800000)]
  0x000001fbbac3a670 JavaThread "AWT-Windows" daemon [_thread_in_native, id=8124, stack(0x00000045b8800000,0x00000045b8900000)]
  0x000001fbbb7e7bf0 JavaThread "AWT-EventQueue-0" [_thread_blocked, id=3984, stack(0x00000045b8b00000,0x00000045b8c00000)]
  0x000001fb9a3d35b0 JavaThread "DestroyJavaVM" [_thread_blocked, id=4572, stack(0x00000045b6e00000,0x00000045b6f00000)]
  0x000001fbbb8826d0 JavaThread "org.netbeans.modules.debugger.jpda.visual AWT Access Loop" daemon [_thread_blocked, id=6736, stack(0x00000045b8c00000,0x00000045b8d00000)]
  0x000001fbbb83e400 JavaThread "D3D Screen Updater" daemon [_thread_in_native, id=800, stack(0x00000045b8d00000,0x00000045b8e00000)]

Other Threads:
  0x000001fbb9e82040 VMThread "VM Thread" [stack: 0x00000045b7500000,0x00000045b7600000] [id=7248]
  0x000001fbbaa61d30 WatcherThread [stack: 0x00000045b8500000,0x00000045b8600000] [id=3648]
  0x000001fb9c6a63d0 GCTaskThread "GC Thread#0" [stack: 0x00000045b7000000,0x00000045b7100000] [id=7340]
  0x000001fb9c6b7060 ConcurrentGCThread "G1 Main Marker" [stack: 0x00000045b7100000,0x00000045b7200000] [id=7848]
  0x000001fb9c6b9630 ConcurrentGCThread "G1 Conc#0" [stack: 0x00000045b7200000,0x00000045b7300000] [id=5132]
  0x000001fb9c730fc0 ConcurrentGCThread "G1 Refine#0" [stack: 0x00000045b7300000,0x00000045b7400000] [id=3692]
  0x000001fb9c7319d0 ConcurrentGCThread "G1 Service" [stack: 0x00000045b7400000,0x00000045b7500000] [id=7532]

Threads with active compile tasks:
C2 CompilerThread0      553  801       4       java.util.Arrays::binarySearch0 (95 bytes)

VM state: not at safepoint (normal execution)

VM Mutex/Monitor currently owned by a thread: None

Heap address: 0x0000000081e00000, size: 2018 MB, Compressed Oops mode: 32-bit

CDS archive(s) mapped at: [0x0000000800000000-0x0000000800bb0000-0x0000000800bb0000), size 12255232, SharedBaseAddress: 0x0000000800000000, ArchiveRelocationMode: 0.
Compressed class space mapped at: 0x0000000800c00000-0x0000000840c00000, reserved size: 1073741824
Narrow klass base: 0x0000000800000000, Narrow klass shift: 3, Narrow klass range: 0x100000000

GC Precious Log:
 CPUs: 4 total, 4 available
 Memory: 8070M
 Large Page Support: Disabled
 NUMA Support: Disabled
 Compressed Oops: Enabled (32-bit)
 Heap Region Size: 1M
 Heap Min Capacity: 8M
 Heap Initial Capacity: 128M
 Heap Max Capacity: 2018M
 Pre-touch: Disabled
 Parallel Workers: 4
 Concurrent Workers: 1
 Concurrent Refinement Workers: 4
 Periodic GC: Disabled

Heap:
 garbage-first heap   total 131072K, used 7168K [0x0000000081e00000, 0x0000000100000000)
  region size 1024K, 7 young (7168K), 0 survivors (0K)
 Metaspace       used 8674K, committed 8896K, reserved 1056768K
  class space    used 1022K, committed 1152K, reserved 1048576K

Heap Regions: E=young(eden), S=young(survivor), O=old, HS=humongous(starts), HC=humongous(continues), CS=collection set, F=free, OA=open archive, CA=closed archive, TAMS=top-at-mark-start (previous, next)
|   0|0x0000000081e00000, 0x0000000081f00000, 0x0000000081f00000|100%|HS|  |TAMS 0x0000000081e00000, 0x0000000081e00000| Complete 
|   1|0x0000000081f00000, 0x0000000081f00000, 0x0000000082000000|  0%| F|  |TAMS 0x0000000081f00000, 0x0000000081f00000| Untracked 
|   2|0x0000000082000000, 0x0000000082000000, 0x0000000082100000|  0%| F|  |TAMS 0x0000000082000000, 0x0000000082000000| Untracked 
|   3|0x0000000082100000, 0x0000000082100000, 0x0000000082200000|  0%| F|  |TAMS 0x0000000082100000, 0x0000000082100000| Untracked 
|   4|0x0000000082200000, 0x0000000082200000, 0x0000000082300000|  0%| F|  |TAMS 0x0000000082200000, 0x0000000082200000| Untracked 
|   5|0x0000000082300000, 0x0000000082300000, 0x0000000082400000|  0%| F|  |TAMS 0x0000000082300000, 0x0000000082300000| Untracked 
|   6|0x0000000082400000, 0x0000000082400000, 0x0000000082500000|  0%| F|  |TAMS 0x0000000082400000, 0x0000000082400000| Untracked 
|   7|0x0000000082500000, 0x0000000082500000, 0x0000000082600000|  0%| F|  |TAMS 0x0000000082500000, 0x0000000082500000| Untracked 
|   8|0x0000000082600000, 0x0000000082600000, 0x0000000082700000|  0%| F|  |TAMS 0x0000000082600000, 0x0000000082600000| Untracked 
|   9|0x0000000082700000, 0x0000000082700000, 0x0000000082800000|  0%| F|  |TAMS 0x0000000082700000, 0x0000000082700000| Untracked 
|  10|0x0000000082800000, 0x0000000082800000, 0x0000000082900000|  0%| F|  |TAMS 0x0000000082800000, 0x0000000082800000| Untracked 
|  11|0x0000000082900000, 0x0000000082900000, 0x0000000082a00000|  0%| F|  |TAMS 0x0000000082900000, 0x0000000082900000| Untracked 
|  12|0x0000000082a00000, 0x0000000082a00000, 0x0000000082b00000|  0%| F|  |TAMS 0x0000000082a00000, 0x0000000082a00000| Untracked 
|  13|0x0000000082b00000, 0x0000000082b00000, 0x0000000082c00000|  0%| F|  |TAMS 0x0000000082b00000, 0x0000000082b00000| Untracked 
|  14|0x0000000082c00000, 0x0000000082c00000, 0x0000000082d00000|  0%| F|  |TAMS 0x0000000082c00000, 0x0000000082c00000| Untracked 
|  15|0x0000000082d00000, 0x0000000082d00000, 0x0000000082e00000|  0%| F|  |TAMS 0x0000000082d00000, 0x0000000082d00000| Untracked 
|  16|0x0000000082e00000, 0x0000000082e00000, 0x0000000082f00000|  0%| F|  |TAMS 0x0000000082e00000, 0x0000000082e00000| Untracked 
|  17|0x0000000082f00000, 0x0000000082f00000, 0x0000000083000000|  0%| F|  |TAMS 0x0000000082f00000, 0x0000000082f00000| Untracked 
|  18|0x0000000083000000, 0x0000000083000000, 0x0000000083100000|  0%| F|  |TAMS 0x0000000083000000, 0x0000000083000000| Untracked 
|  19|0x0000000083100000, 0x0000000083100000, 0x0000000083200000|  0%| F|  |TAMS 0x0000000083100000, 0x0000000083100000| Untracked 
|  20|0x0000000083200000, 0x0000000083200000, 0x0000000083300000|  0%| F|  |TAMS 0x0000000083200000, 0x0000000083200000| Untracked 
|  21|0x0000000083300000, 0x0000000083300000, 0x0000000083400000|  0%| F|  |TAMS 0x0000000083300000, 0x0000000083300000| Untracked 
|  22|0x0000000083400000, 0x0000000083400000, 0x0000000083500000|  0%| F|  |TAMS 0x0000000083400000, 0x0000000083400000| Untracked 
|  23|0x0000000083500000, 0x0000000083500000, 0x0000000083600000|  0%| F|  |TAMS 0x0000000083500000, 0x0000000083500000| Untracked 
|  24|0x0000000083600000, 0x0000000083600000, 0x0000000083700000|  0%| F|  |TAMS 0x0000000083600000, 0x0000000083600000| Untracked 
|  25|0x0000000083700000, 0x0000000083700000, 0x0000000083800000|  0%| F|  |TAMS 0x0000000083700000, 0x0000000083700000| Untracked 
|  26|0x0000000083800000, 0x0000000083800000, 0x0000000083900000|  0%| F|  |TAMS 0x0000000083800000, 0x0000000083800000| Untracked 
|  27|0x0000000083900000, 0x0000000083900000, 0x0000000083a00000|  0%| F|  |TAMS 0x0000000083900000, 0x0000000083900000| Untracked 
|  28|0x0000000083a00000, 0x0000000083a00000, 0x0000000083b00000|  0%| F|  |TAMS 0x0000000083a00000, 0x0000000083a00000| Untracked 
|  29|0x0000000083b00000, 0x0000000083b00000, 0x0000000083c00000|  0%| F|  |TAMS 0x0000000083b00000, 0x0000000083b00000| Untracked 
|  30|0x0000000083c00000, 0x0000000083c00000, 0x0000000083d00000|  0%| F|  |TAMS 0x0000000083c00000, 0x0000000083c00000| Untracked 
|  31|0x0000000083d00000, 0x0000000083d00000, 0x0000000083e00000|  0%| F|  |TAMS 0x0000000083d00000, 0x0000000083d00000| Untracked 
|  32|0x0000000083e00000, 0x0000000083e00000, 0x0000000083f00000|  0%| F|  |TAMS 0x0000000083e00000, 0x0000000083e00000| Untracked 
|  33|0x0000000083f00000, 0x0000000083f00000, 0x0000000084000000|  0%| F|  |TAMS 0x0000000083f00000, 0x0000000083f00000| Untracked 
|  34|0x0000000084000000, 0x0000000084000000, 0x0000000084100000|  0%| F|  |TAMS 0x0000000084000000, 0x0000000084000000| Untracked 
|  35|0x0000000084100000, 0x0000000084100000, 0x0000000084200000|  0%| F|  |TAMS 0x0000000084100000, 0x0000000084100000| Untracked 
|  36|0x0000000084200000, 0x0000000084200000, 0x0000000084300000|  0%| F|  |TAMS 0x0000000084200000, 0x0000000084200000| Untracked 
|  37|0x0000000084300000, 0x0000000084300000, 0x0000000084400000|  0%| F|  |TAMS 0x0000000084300000, 0x0000000084300000| Untracked 
|  38|0x0000000084400000, 0x0000000084400000, 0x0000000084500000|  0%| F|  |TAMS 0x0000000084400000, 0x0000000084400000| Untracked 
|  39|0x0000000084500000, 0x0000000084500000, 0x0000000084600000|  0%| F|  |TAMS 0x0000000084500000, 0x0000000084500000| Untracked 
|  40|0x0000000084600000, 0x0000000084600000, 0x0000000084700000|  0%| F|  |TAMS 0x0000000084600000, 0x0000000084600000| Untracked 
|  41|0x0000000084700000, 0x0000000084700000, 0x0000000084800000|  0%| F|  |TAMS 0x0000000084700000, 0x0000000084700000| Untracked 
|  42|0x0000000084800000, 0x0000000084800000, 0x0000000084900000|  0%| F|  |TAMS 0x0000000084800000, 0x0000000084800000| Untracked 
|  43|0x0000000084900000, 0x0000000084900000, 0x0000000084a00000|  0%| F|  |TAMS 0x0000000084900000, 0x0000000084900000| Untracked 
|  44|0x0000000084a00000, 0x0000000084a00000, 0x0000000084b00000|  0%| F|  |TAMS 0x0000000084a00000, 0x0000000084a00000| Untracked 
|  45|0x0000000084b00000, 0x0000000084b00000, 0x0000000084c00000|  0%| F|  |TAMS 0x0000000084b00000, 0x0000000084b00000| Untracked 
|  46|0x0000000084c00000, 0x0000000084c00000, 0x0000000084d00000|  0%| F|  |TAMS 0x0000000084c00000, 0x0000000084c00000| Untracked 
|  47|0x0000000084d00000, 0x0000000084d00000, 0x0000000084e00000|  0%| F|  |TAMS 0x0000000084d00000, 0x0000000084d00000| Untracked 
|  48|0x0000000084e00000, 0x0000000084e00000, 0x0000000084f00000|  0%| F|  |TAMS 0x0000000084e00000, 0x0000000084e00000| Untracked 
|  49|0x0000000084f00000, 0x0000000084f00000, 0x0000000085000000|  0%| F|  |TAMS 0x0000000084f00000, 0x0000000084f00000| Untracked 
|  50|0x0000000085000000, 0x0000000085000000, 0x0000000085100000|  0%| F|  |TAMS 0x0000000085000000, 0x0000000085000000| Untracked 
|  51|0x0000000085100000, 0x0000000085100000, 0x0000000085200000|  0%| F|  |TAMS 0x0000000085100000, 0x0000000085100000| Untracked 
|  52|0x0000000085200000, 0x0000000085200000, 0x0000000085300000|  0%| F|  |TAMS 0x0000000085200000, 0x0000000085200000| Untracked 
|  53|0x0000000085300000, 0x0000000085300000, 0x0000000085400000|  0%| F|  |TAMS 0x0000000085300000, 0x0000000085300000| Untracked 
|  54|0x0000000085400000, 0x0000000085400000, 0x0000000085500000|  0%| F|  |TAMS 0x0000000085400000, 0x0000000085400000| Untracked 
|  55|0x0000000085500000, 0x0000000085500000, 0x0000000085600000|  0%| F|  |TAMS 0x0000000085500000, 0x0000000085500000| Untracked 
|  56|0x0000000085600000, 0x0000000085600000, 0x0000000085700000|  0%| F|  |TAMS 0x0000000085600000, 0x0000000085600000| Untracked 
|  57|0x0000000085700000, 0x0000000085700000, 0x0000000085800000|  0%| F|  |TAMS 0x0000000085700000, 0x0000000085700000| Untracked 
|  58|0x0000000085800000, 0x0000000085800000, 0x0000000085900000|  0%| F|  |TAMS 0x0000000085800000, 0x0000000085800000| Untracked 
|  59|0x0000000085900000, 0x0000000085900000, 0x0000000085a00000|  0%| F|  |TAMS 0x0000000085900000, 0x0000000085900000| Untracked 
|  60|0x0000000085a00000, 0x0000000085a00000, 0x0000000085b00000|  0%| F|  |TAMS 0x0000000085a00000, 0x0000000085a00000| Untracked 
|  61|0x0000000085b00000, 0x0000000085b00000, 0x0000000085c00000|  0%| F|  |TAMS 0x0000000085b00000, 0x0000000085b00000| Untracked 
|  62|0x0000000085c00000, 0x0000000085c00000, 0x0000000085d00000|  0%| F|  |TAMS 0x0000000085c00000, 0x0000000085c00000| Untracked 
|  63|0x0000000085d00000, 0x0000000085d00000, 0x0000000085e00000|  0%| F|  |TAMS 0x0000000085d00000, 0x0000000085d00000| Untracked 
|  64|0x0000000085e00000, 0x0000000085e00000, 0x0000000085f00000|  0%| F|  |TAMS 0x0000000085e00000, 0x0000000085e00000| Untracked 
|  65|0x0000000085f00000, 0x0000000085f00000, 0x0000000086000000|  0%| F|  |TAMS 0x0000000085f00000, 0x0000000085f00000| Untracked 
|  66|0x0000000086000000, 0x0000000086000000, 0x0000000086100000|  0%| F|  |TAMS 0x0000000086000000, 0x0000000086000000| Untracked 
|  67|0x0000000086100000, 0x0000000086100000, 0x0000000086200000|  0%| F|  |TAMS 0x0000000086100000, 0x0000000086100000| Untracked 
|  68|0x0000000086200000, 0x0000000086200000, 0x0000000086300000|  0%| F|  |TAMS 0x0000000086200000, 0x0000000086200000| Untracked 
|  69|0x0000000086300000, 0x0000000086300000, 0x0000000086400000|  0%| F|  |TAMS 0x0000000086300000, 0x0000000086300000| Untracked 
|  70|0x0000000086400000, 0x0000000086400000, 0x0000000086500000|  0%| F|  |TAMS 0x0000000086400000, 0x0000000086400000| Untracked 
|  71|0x0000000086500000, 0x0000000086500000, 0x0000000086600000|  0%| F|  |TAMS 0x0000000086500000, 0x0000000086500000| Untracked 
|  72|0x0000000086600000, 0x0000000086600000, 0x0000000086700000|  0%| F|  |TAMS 0x0000000086600000, 0x0000000086600000| Untracked 
|  73|0x0000000086700000, 0x0000000086700000, 0x0000000086800000|  0%| F|  |TAMS 0x0000000086700000, 0x0000000086700000| Untracked 
|  74|0x0000000086800000, 0x0000000086800000, 0x0000000086900000|  0%| F|  |TAMS 0x0000000086800000, 0x0000000086800000| Untracked 
|  75|0x0000000086900000, 0x0000000086900000, 0x0000000086a00000|  0%| F|  |TAMS 0x0000000086900000, 0x0000000086900000| Untracked 
|  76|0x0000000086a00000, 0x0000000086a00000, 0x0000000086b00000|  0%| F|  |TAMS 0x0000000086a00000, 0x0000000086a00000| Untracked 
|  77|0x0000000086b00000, 0x0000000086b00000, 0x0000000086c00000|  0%| F|  |TAMS 0x0000000086b00000, 0x0000000086b00000| Untracked 
|  78|0x0000000086c00000, 0x0000000086c00000, 0x0000000086d00000|  0%| F|  |TAMS 0x0000000086c00000, 0x0000000086c00000| Untracked 
|  79|0x0000000086d00000, 0x0000000086d00000, 0x0000000086e00000|  0%| F|  |TAMS 0x0000000086d00000, 0x0000000086d00000| Untracked 
|  80|0x0000000086e00000, 0x0000000086e00000, 0x0000000086f00000|  0%| F|  |TAMS 0x0000000086e00000, 0x0000000086e00000| Untracked 
|  81|0x0000000086f00000, 0x0000000086f00000, 0x0000000087000000|  0%| F|  |TAMS 0x0000000086f00000, 0x0000000086f00000| Untracked 
|  82|0x0000000087000000, 0x0000000087000000, 0x0000000087100000|  0%| F|  |TAMS 0x0000000087000000, 0x0000000087000000| Untracked 
|  83|0x0000000087100000, 0x0000000087100000, 0x0000000087200000|  0%| F|  |TAMS 0x0000000087100000, 0x0000000087100000| Untracked 
|  84|0x0000000087200000, 0x0000000087200000, 0x0000000087300000|  0%| F|  |TAMS 0x0000000087200000, 0x0000000087200000| Untracked 
|  85|0x0000000087300000, 0x0000000087300000, 0x0000000087400000|  0%| F|  |TAMS 0x0000000087300000, 0x0000000087300000| Untracked 
|  86|0x0000000087400000, 0x0000000087400000, 0x0000000087500000|  0%| F|  |TAMS 0x0000000087400000, 0x0000000087400000| Untracked 
|  87|0x0000000087500000, 0x0000000087500000, 0x0000000087600000|  0%| F|  |TAMS 0x0000000087500000, 0x0000000087500000| Untracked 
|  88|0x0000000087600000, 0x0000000087600000, 0x0000000087700000|  0%| F|  |TAMS 0x0000000087600000, 0x0000000087600000| Untracked 
|  89|0x0000000087700000, 0x0000000087700000, 0x0000000087800000|  0%| F|  |TAMS 0x0000000087700000, 0x0000000087700000| Untracked 
|  90|0x0000000087800000, 0x0000000087800000, 0x0000000087900000|  0%| F|  |TAMS 0x0000000087800000, 0x0000000087800000| Untracked 
|  91|0x0000000087900000, 0x0000000087900000, 0x0000000087a00000|  0%| F|  |TAMS 0x0000000087900000, 0x0000000087900000| Untracked 
|  92|0x0000000087a00000, 0x0000000087a00000, 0x0000000087b00000|  0%| F|  |TAMS 0x0000000087a00000, 0x0000000087a00000| Untracked 
|  93|0x0000000087b00000, 0x0000000087b00000, 0x0000000087c00000|  0%| F|  |TAMS 0x0000000087b00000, 0x0000000087b00000| Untracked 
|  94|0x0000000087c00000, 0x0000000087c00000, 0x0000000087d00000|  0%| F|  |TAMS 0x0000000087c00000, 0x0000000087c00000| Untracked 
|  95|0x0000000087d00000, 0x0000000087d00000, 0x0000000087e00000|  0%| F|  |TAMS 0x0000000087d00000, 0x0000000087d00000| Untracked 
|  96|0x0000000087e00000, 0x0000000087e00000, 0x0000000087f00000|  0%| F|  |TAMS 0x0000000087e00000, 0x0000000087e00000| Untracked 
|  97|0x0000000087f00000, 0x0000000087f00000, 0x0000000088000000|  0%| F|  |TAMS 0x0000000087f00000, 0x0000000087f00000| Untracked 
|  98|0x0000000088000000, 0x0000000088000000, 0x0000000088100000|  0%| F|  |TAMS 0x0000000088000000, 0x0000000088000000| Untracked 
|  99|0x0000000088100000, 0x0000000088100000, 0x0000000088200000|  0%| F|  |TAMS 0x0000000088100000, 0x0000000088100000| Untracked 
| 100|0x0000000088200000, 0x0000000088200000, 0x0000000088300000|  0%| F|  |TAMS 0x0000000088200000, 0x0000000088200000| Untracked 
| 101|0x0000000088300000, 0x0000000088300000, 0x0000000088400000|  0%| F|  |TAMS 0x0000000088300000, 0x0000000088300000| Untracked 
| 102|0x0000000088400000, 0x0000000088400000, 0x0000000088500000|  0%| F|  |TAMS 0x0000000088400000, 0x0000000088400000| Untracked 
| 103|0x0000000088500000, 0x0000000088500000, 0x0000000088600000|  0%| F|  |TAMS 0x0000000088500000, 0x0000000088500000| Untracked 
| 104|0x0000000088600000, 0x0000000088600000, 0x0000000088700000|  0%| F|  |TAMS 0x0000000088600000, 0x0000000088600000| Untracked 
| 105|0x0000000088700000, 0x0000000088700000, 0x0000000088800000|  0%| F|  |TAMS 0x0000000088700000, 0x0000000088700000| Untracked 
| 106|0x0000000088800000, 0x0000000088800000, 0x0000000088900000|  0%| F|  |TAMS 0x0000000088800000, 0x0000000088800000| Untracked 
| 107|0x0000000088900000, 0x0000000088900000, 0x0000000088a00000|  0%| F|  |TAMS 0x0000000088900000, 0x0000000088900000| Untracked 
| 108|0x0000000088a00000, 0x0000000088a00000, 0x0000000088b00000|  0%| F|  |TAMS 0x0000000088a00000, 0x0000000088a00000| Untracked 
| 109|0x0000000088b00000, 0x0000000088b00000, 0x0000000088c00000|  0%| F|  |TAMS 0x0000000088b00000, 0x0000000088b00000| Untracked 
| 110|0x0000000088c00000, 0x0000000088c00000, 0x0000000088d00000|  0%| F|  |TAMS 0x0000000088c00000, 0x0000000088c00000| Untracked 
| 111|0x0000000088d00000, 0x0000000088d00000, 0x0000000088e00000|  0%| F|  |TAMS 0x0000000088d00000, 0x0000000088d00000| Untracked 
| 112|0x0000000088e00000, 0x0000000088e00000, 0x0000000088f00000|  0%| F|  |TAMS 0x0000000088e00000, 0x0000000088e00000| Untracked 
| 113|0x0000000088f00000, 0x0000000088f00000, 0x0000000089000000|  0%| F|  |TAMS 0x0000000088f00000, 0x0000000088f00000| Untracked 
| 114|0x0000000089000000, 0x0000000089000000, 0x0000000089100000|  0%| F|  |TAMS 0x0000000089000000, 0x0000000089000000| Untracked 
| 115|0x0000000089100000, 0x0000000089100000, 0x0000000089200000|  0%| F|  |TAMS 0x0000000089100000, 0x0000000089100000| Untracked 
| 116|0x0000000089200000, 0x0000000089200000, 0x0000000089300000|  0%| F|  |TAMS 0x0000000089200000, 0x0000000089200000| Untracked 
| 117|0x0000000089300000, 0x0000000089300000, 0x0000000089400000|  0%| F|  |TAMS 0x0000000089300000, 0x0000000089300000| Untracked 
| 118|0x0000000089400000, 0x0000000089400000, 0x0000000089500000|  0%| F|  |TAMS 0x0000000089400000, 0x0000000089400000| Untracked 
| 119|0x0000000089500000, 0x0000000089500000, 0x0000000089600000|  0%| F|  |TAMS 0x0000000089500000, 0x0000000089500000| Untracked 
| 120|0x0000000089600000, 0x0000000089600000, 0x0000000089700000|  0%| F|  |TAMS 0x0000000089600000, 0x0000000089600000| Untracked 
| 121|0x0000000089700000, 0x0000000089800000, 0x0000000089800000|100%| E|  |TAMS 0x0000000089700000, 0x0000000089700000| Complete 
| 122|0x0000000089800000, 0x0000000089900000, 0x0000000089900000|100%| E|CS|TAMS 0x0000000089800000, 0x0000000089800000| Complete 
| 123|0x0000000089900000, 0x0000000089a00000, 0x0000000089a00000|100%| E|CS|TAMS 0x0000000089900000, 0x0000000089900000| Complete 
| 124|0x0000000089a00000, 0x0000000089b00000, 0x0000000089b00000|100%| E|CS|TAMS 0x0000000089a00000, 0x0000000089a00000| Complete 
| 125|0x0000000089b00000, 0x0000000089c00000, 0x0000000089c00000|100%| E|CS|TAMS 0x0000000089b00000, 0x0000000089b00000| Complete 
| 126|0x0000000089c00000, 0x0000000089d00000, 0x0000000089d00000|100%| E|CS|TAMS 0x0000000089c00000, 0x0000000089c00000| Complete 
| 127|0x0000000089d00000, 0x0000000089e00000, 0x0000000089e00000|100%| E|CS|TAMS 0x0000000089d00000, 0x0000000089d00000| Complete 

Card table byte_map: [0x000001fbb31e0000,0x000001fbb35e0000] _byte_map_base: 0x000001fbb2dd1000

Marking Bits (Prev, Next): (CMBitMap*) 0x000001fb9c6a69d0, (CMBitMap*) 0x000001fb9c6a6a10
 Prev Bits: [0x000001fbb39e0000, 0x000001fbb5968000)
 Next Bits: [0x000001fbb5970000, 0x000001fbb78f8000)

Polling page: 0x000001fb9bd70000

Metaspace:

Usage:
  Non-class:      7.47 MB used.
      Class:   1022.84 KB used.
       Both:      8.47 MB used.

Virtual space:
  Non-class space:        8.00 MB reserved,       7.56 MB ( 95%) committed,  1 nodes.
      Class space:        1.00 GB reserved,       1.13 MB ( <1%) committed,  1 nodes.
              Both:        1.01 GB reserved,       8.69 MB ( <1%) committed. 

Chunk freelists:
   Non-Class:  448.00 KB
       Class:  2.72 MB
        Both:  3.16 MB

MaxMetaspaceSize: 17179869184.00 GB
CompressedClassSpaceSize: 1.00 GB
 - commit_granule_bytes: 65536.
 - commit_granule_words: 8192.
 - virtual_space_node_default_size: 1048576.
 - enlarge_chunks_in_place: 1.
 - new_chunks_are_fully_committed: 0.
 - uncommit_free_chunks: 1.
 - use_allocation_guard: 0.
 - handle_deallocations: 1.


Internal statistics:

num_allocs_failed_limit: 0.
num_arena_births: 118.
num_arena_deaths: 0.
num_vsnodes_births: 2.
num_vsnodes_deaths: 0.
num_space_committed: 139.
num_space_uncommitted: 0.
num_chunks_returned_to_freelist: 0.
num_chunks_taken_from_freelist: 158.
num_chunk_merges: 0.
num_chunk_splits: 95.
num_chunks_enlarged: 51.
num_purges: 0.

CodeHeap 'non-profiled nmethods': size=120000Kb used=234Kb max_used=234Kb free=119765Kb
 bounds [0x000001fbab8b0000, 0x000001fbabb20000, 0x000001fbb2de0000]
CodeHeap 'profiled nmethods': size=120000Kb used=1215Kb max_used=1215Kb free=118785Kb
 bounds [0x000001fba4380000, 0x000001fba45f0000, 0x000001fbab8b0000]
CodeHeap 'non-nmethods': size=5760Kb used=1365Kb max_used=1371Kb free=4394Kb
 bounds [0x000001fba3de0000, 0x000001fba4050000, 0x000001fba4380000]
 total_blobs=1422 nmethods=800 adapters=535
 compilation: enabled
              stopped_count=0, restarted_count=0
 full_count=0

Compilation events (20 events):
Event: 0.539 Thread 0x000001fbb9eae6f0 nmethod 792 0x000001fba44ad390 code [0x000001fba44ad520, 0x000001fba44ad618]
Event: 0.539 Thread 0x000001fbb9eae6f0  793       3       java.lang.StringUTF16::charAt (11 bytes)
Event: 0.539 Thread 0x000001fbb9eae6f0 nmethod 793 0x000001fba44ad710 code [0x000001fba44ad8c0, 0x000001fba44adac8]
Event: 0.540 Thread 0x000001fbb9eae6f0  794       3       sun.java2d.pipe.BufferedRenderPipe$BufferedDrawHandler::drawScanline (82 bytes)
Event: 0.540 Thread 0x000001fbb9eae6f0 nmethod 794 0x000001fba44adc10 code [0x000001fba44ade20, 0x000001fba44ae238]
Event: 0.540 Thread 0x000001fbb9eae6f0  796       3       sun.java2d.loops.ProcessPath$ActiveEdgeList::sort (171 bytes)
Event: 0.540 Thread 0x000001fbb9eae6f0 nmethod 796 0x000001fba44ae510 code [0x000001fba44ae700, 0x000001fba44aeeb8]
Event: 0.540 Thread 0x000001fbb9eae6f0  795       3       sun.java2d.loops.ProcessPath$ActiveEdgeList::isEmpty (13 bytes)
Event: 0.540 Thread 0x000001fbb9eae6f0 nmethod 795 0x000001fba44af190 code [0x000001fba44af320, 0x000001fba44af498]
Event: 0.540 Thread 0x000001fbb9eae6f0  798       1       java.awt.Component::getWidth (5 bytes)
Event: 0.540 Thread 0x000001fbb9eae6f0 nmethod 798 0x000001fbab8e9e10 code [0x000001fbab8e9fa0, 0x000001fbab8ea078]
Event: 0.540 Thread 0x000001fbb9eae6f0  799       1       java.awt.Component::getHeight (5 bytes)
Event: 0.540 Thread 0x000001fbb9eae6f0 nmethod 799 0x000001fbab8ea110 code [0x000001fbab8ea2a0, 0x000001fbab8ea378]
Event: 0.540 Thread 0x000001fbb9eae6f0  797       1       java.util.concurrent.locks.AbstractQueuedSynchronizer::getState (5 bytes)
Event: 0.540 Thread 0x000001fbb9eae6f0 nmethod 797 0x000001fbab8ea410 code [0x000001fbab8ea5a0, 0x000001fbab8ea678]
Event: 0.540 Thread 0x000001fbb9eae6f0  800       1       java.util.concurrent.locks.AbstractQueuedSynchronizer::setState (6 bytes)
Event: 0.540 Thread 0x000001fbb9eae6f0 nmethod 800 0x000001fbab8ea710 code [0x000001fbab8ea8a0, 0x000001fbab8ea978]
Event: 0.543 Thread 0x000001fbb9e9f460  801       4       java.util.Arrays::binarySearch0 (95 bytes)
Event: 0.543 Thread 0x000001fbb9eae6f0  802       3       sun.font.FontDesignMetrics::getLatinCharWidth (29 bytes)
Event: 0.543 Thread 0x000001fbb9eae6f0 nmethod 802 0x000001fba44af510 code [0x000001fba44af700, 0x000001fba44afa28]

GC Heap History (0 events):
No events

Deoptimization events (10 events):
Event: 0.286 Thread 0x000001fb9a3d35b0 Uncommon trap: trap_request=0xffffff45 fr.pc=0x000001fbab8beaf4 relative=0x0000000000000bf4
Event: 0.286 Thread 0x000001fb9a3d35b0 Uncommon trap: reason=unstable_if action=reinterpret pc=0x000001fbab8beaf4 method=java.util.HashMap.putVal(ILjava/lang/Object;Ljava/lang/Object;ZZ)Ljava/lang/Object; @ 81 c2
Event: 0.286 Thread 0x000001fb9a3d35b0 DEOPT PACKING pc=0x000001fbab8beaf4 sp=0x00000045b6efe530
Event: 0.286 Thread 0x000001fb9a3d35b0 DEOPT UNPACKING pc=0x000001fba3e2d72e sp=0x00000045b6efe4e0 mode 2
Event: 0.368 Thread 0x000001fb9a3d35b0 Uncommon trap: trap_request=0xffffff45 fr.pc=0x000001fbab8c15ac relative=0x000000000000018c
Event: 0.368 Thread 0x000001fb9a3d35b0 Uncommon trap: reason=unstable_if action=reinterpret pc=0x000001fbab8c15ac method=java.lang.String.equals(Ljava/lang/Object;)Z @ 33 c2
Event: 0.368 Thread 0x000001fb9a3d35b0 DEOPT PACKING pc=0x000001fbab8c15ac sp=0x00000045b6eff430
Event: 0.368 Thread 0x000001fb9a3d35b0 DEOPT UNPACKING pc=0x000001fba3e2d72e sp=0x00000045b6eff3d0 mode 2
Event: 0.421 Thread 0x000001fb9a3d35b0 DEOPT PACKING pc=0x000001fba439a8ea sp=0x00000045b6efcde0
Event: 0.421 Thread 0x000001fb9a3d35b0 DEOPT UNPACKING pc=0x000001fba3e2dece sp=0x00000045b6efc200 mode 0

Classes unloaded (0 events):
No events

Classes redefined (0 events):
No events

Internal exceptions (18 events):
Event: 0.130 Thread 0x000001fb9a3d35b0 Exception <a 'sun/nio/fs/WindowsException'{0x0000000089c2ea88}> (0x0000000089c2ea88) 
thrown [t:\workspace\open\src\hotspot\share\prims\jni.cpp, line 579]
Event: 0.131 Thread 0x000001fb9a3d35b0 Exception <a 'sun/nio/fs/WindowsException'{0x0000000089c2ef78}> (0x0000000089c2ef78) 
thrown [t:\workspace\open\src\hotspot\share\prims\jni.cpp, line 579]
Event: 0.132 Thread 0x000001fb9a3d35b0 Exception <a 'sun/nio/fs/WindowsException'{0x0000000089c31108}> (0x0000000089c31108) 
thrown [t:\workspace\open\src\hotspot\share\prims\jni.cpp, line 579]
Event: 0.177 Thread 0x000001fb9a3d35b0 Exception <a 'java/lang/NoSuchMethodError'{0x0000000089cc5ba0}: 'void java.lang.invoke.DirectMethodHandle$Holder.invokeSpecial(java.lang.Object, java.lang.Object, java.lang.Object)'> (0x0000000089cc5ba0) 
thrown [t:\workspace\open\src\hotspot\share\interpreter\linkResolver.cpp, line 790]
Event: 0.183 Thread 0x000001fb9a3d35b0 Exception <a 'java/lang/ClassNotFoundException'{0x0000000089b14750}: sun/awt/resources/spi/awtProvider> (0x0000000089b14750) 
thrown [t:\workspace\open\src\hotspot\share\classfile\systemDictionary.cpp, line 256]
Event: 0.198 Thread 0x000001fb9a3d35b0 Exception <a 'java/io/FileNotFoundException'{0x0000000089b68d70}> (0x0000000089b68d70) 
thrown [t:\workspace\open\src\hotspot\share\prims\jni.cpp, line 579]
Event: 0.205 Thread 0x000001fb9a3d35b0 Exception <a 'java/io/FileNotFoundException'{0x0000000089b978e0}> (0x0000000089b978e0) 
thrown [t:\workspace\open\src\hotspot\share\prims\jni.cpp, line 579]
Event: 0.205 Thread 0x000001fb9a3d35b0 Exception <a 'java/lang/NoSuchMethodError'{0x0000000089b989d8}: 'java.lang.Object java.lang.invoke.DirectMethodHandle$Holder.invokeStatic(java.lang.Object)'> (0x0000000089b989d8) 
thrown [t:\workspace\open\src\hotspot\share\interpreter\linkResolver.cpp, line 790]
Event: 0.235 Thread 0x000001fb9a3d35b0 Exception <a 'java/lang/NoSuchMethodError'{0x0000000089bfa0f8}: 'java.lang.Object java.lang.invoke.DirectMethodHandle$Holder.invokeStaticInit(java.lang.Object)'> (0x0000000089bfa0f8) 
thrown [t:\workspace\open\src\hotspot\share\interpreter\linkResolver.cpp, line 790]
Event: 0.292 Thread 0x000001fb9a3d35b0 Exception <a 'java/lang/NoSuchMethodError'{0x0000000089aaef28}: 'java.lang.Object java.lang.invoke.DirectMethodHandle$Holder.newInvokeSpecial(java.lang.Object, java.lang.Object, java.lang.Object, java.lang.Object, java.lang.Object)'> (0x0000000089aaef28) 
thrown [t:\workspace\open\src\hotspot\share\interpreter\linkResolver.cpp, line 790]
Event: 0.294 Thread 0x000001fb9a3d35b0 Exception <a 'java/lang/NoSuchMethodError'{0x0000000089abaa10}: 'java.lang.Object java.lang.invoke.DirectMethodHandle$Holder.invokeStatic(java.lang.Object, int, java.lang.Object, java.lang.Object, java.lang.Object, java.lang.Object)'> (0x0000000089abaa10) 
thrown [t:\workspace\open\src\hotspot\share\interpreter\linkResolver.cpp, line 790]
Event: 0.296 Thread 0x000001fb9a3d35b0 Exception <a 'java/lang/NoSuchMethodError'{0x0000000089ae0e40}: 'java.lang.Object java.lang.invoke.DirectMethodHandle$Holder.invokeStatic(java.lang.Object, int, java.lang.Object)'> (0x0000000089ae0e40) 
thrown [t:\workspace\open\src\hotspot\share\interpreter\linkResolver.cpp, line 790]
Event: 0.315 Thread 0x000001fb9a3d35b0 Exception <a 'java/lang/ClassNotFoundException'{0x00000000899999a0}: com/sun/swing/internal/plaf/metal/resources/spi/metalProvider> (0x00000000899999a0) 
thrown [t:\workspace\open\src\hotspot\share\classfile\systemDictionary.cpp, line 256]
Event: 0.316 Thread 0x000001fb9a3d35b0 Exception <a 'java/lang/ClassNotFoundException'{0x000000008999da08}: com/sun/swing/internal/plaf/basic/resources/spi/basicProvider> (0x000000008999da08) 
thrown [t:\workspace\open\src\hotspot\share\classfile\systemDictionary.cpp, line 256]
Event: 0.372 Thread 0x000001fb9a3d35b0 Exception <a 'java/lang/NoSuchMethodError'{0x0000000089831640}: 'void java.lang.invoke.DirectMethodHandle$Holder.invokeStatic(java.lang.Object, java.lang.Object, java.lang.Object)'> (0x0000000089831640) 
thrown [t:\workspace\open\src\hotspot\share\interpreter\linkResolver.cpp, line 790]
Event: 0.374 Thread 0x000001fb9a3d35b0 Exception <a 'java/lang/NoSuchMethodError'{0x0000000089837da8}: 'void java.lang.invoke.DirectMethodHandle$Holder.invokeStatic(java.lang.Object, java.lang.Object)'> (0x0000000089837da8) 
thrown [t:\workspace\open\src\hotspot\share\interpreter\linkResolver.cpp, line 790]
Event: 0.417 Thread 0x000001fb9a3d35b0 Exception <a 'java/lang/NoSuchMethodError'{0x00000000898e2e70}: 'void java.lang.invoke.DirectMethodHandle$Holder.invokeStaticInit(java.lang.Object)'> (0x00000000898e2e70) 
thrown [t:\workspace\open\src\hotspot\share\interpreter\linkResolver.cpp, line 790]
Event: 0.431 Thread 0x000001fbbac3a670 Exception <a 'java/lang/NoSuchMethodError'{0x0000000089a53838}: 'void java.lang.invoke.DirectMethodHandle$Holder.invokeVirtual(java.lang.Object, java.lang.Object)'> (0x0000000089a53838) 
thrown [t:\workspace\open\src\hotspot\share\interpreter\linkResolver.cpp, line 790]

Events (20 events):
Event: 0.539 loading class sun/java2d/loops/ProcessPath$1
Event: 0.539 loading class sun/java2d/loops/ProcessPath$EndSubPathHandler
Event: 0.539 loading class sun/java2d/loops/ProcessPath$EndSubPathHandler done
Event: 0.539 loading class sun/java2d/loops/ProcessPath$1 done
Event: 0.539 loading class sun/java2d/loops/ProcessPath$FillProcessHandler
Event: 0.539 loading class sun/java2d/loops/ProcessPath$ProcessHandler
Event: 0.539 loading class sun/java2d/loops/ProcessPath$ProcessHandler done
Event: 0.539 loading class sun/java2d/loops/ProcessPath$FillProcessHandler done
Event: 0.539 loading class sun/java2d/loops/ProcessPath$FillData
Event: 0.539 loading class sun/java2d/loops/ProcessPath$FillData done
Event: 0.539 loading class sun/java2d/loops/ProcessPath$Point
Event: 0.539 loading class sun/java2d/loops/ProcessPath$Point done
Event: 0.539 loading class sun/java2d/loops/ProcessPath$ActiveEdgeList
Event: 0.539 loading class sun/java2d/loops/ProcessPath$ActiveEdgeList done
Event: 0.539 loading class sun/java2d/loops/ProcessPath$Edge
Event: 0.539 loading class sun/java2d/loops/ProcessPath$Edge done
Event: 0.540 loading class sun/java2d/d3d/D3DSurfaceDataProxy
Event: 0.540 loading class sun/java2d/d3d/D3DSurfaceDataProxy done
Event: 0.543 loading class sun/java2d/cmm/CMSManager
Event: 0.543 loading class sun/java2d/cmm/CMSManager done


Dynamic libraries:
0x00007ff60c420000 - 0x00007ff60c430000 	C:\Program Files\Java\jdk-16.0.2\bin\java.exe
0x00007ffa3c760000 - 0x00007ffa3c931000 	C:\Windows\SYSTEM32\ntdll.dll
0x00007ffa3a040000 - 0x00007ffa3a0eb000 	C:\Windows\System32\KERNEL32.DLL
0x00007ffa38d10000 - 0x00007ffa38f2d000 	C:\Windows\System32\KERNELBASE.dll
0x00007ffa39610000 - 0x00007ffa39705000 	C:\Windows\System32\ucrtbase.dll
0x00007ffa34070000 - 0x00007ffa34088000 	C:\Program Files\Java\jdk-16.0.2\bin\jli.dll
0x00007ffa36d90000 - 0x00007ffa36da9000 	C:\Program Files\Java\jdk-16.0.2\bin\VCRUNTIME140.dll
0x00007ffa3a300000 - 0x00007ffa3a3a2000 	C:\Windows\System32\ADVAPI32.dll
0x00007ffa39fa0000 - 0x00007ffa3a03e000 	C:\Windows\System32\msvcrt.dll
0x00007ffa3a270000 - 0x00007ffa3a2c9000 	C:\Windows\System32\sechost.dll
0x00007ffa3a100000 - 0x00007ffa3a221000 	C:\Windows\System32\RPCRT4.dll
0x00007ffa39e30000 - 0x00007ffa39f95000 	C:\Windows\System32\USER32.dll
0x00007ffa38cf0000 - 0x00007ffa38d0e000 	C:\Windows\System32\win32u.dll
0x00007ffa3a230000 - 0x00007ffa3a264000 	C:\Windows\System32\GDI32.dll
0x00007ffa283b0000 - 0x00007ffa28629000 	C:\Windows\WinSxS\amd64_microsoft.windows.common-controls_6595b64144ccf1df_6.0.14393.0_none_2d0f50fcbdb171b8\COMCTL32.dll
0x00007ffa39710000 - 0x00007ffa39892000 	C:\Windows\System32\gdi32full.dll
0x00007ffa3b9e0000 - 0x00007ffa3bca7000 	C:\Windows\System32\combase.dll
0x00007ffa39a70000 - 0x00007ffa39ada000 	C:\Windows\System32\bcryptPrimitives.dll
0x00007ffa32fb0000 - 0x00007ffa32fba000 	C:\Windows\SYSTEM32\VERSION.dll
0x00007ffa3a2d0000 - 0x00007ffa3a2fe000 	C:\Windows\System32\IMM32.DLL
0x00007ffa37b70000 - 0x00007ffa37b89000 	C:\Windows\SYSTEM32\prochook.dll
0x00007ffa36d80000 - 0x00007ffa36d8c000 	C:\Program Files\Java\jdk-16.0.2\bin\vcruntime140_1.dll
0x00007ffa2ff90000 - 0x00007ffa30021000 	C:\Program Files\Java\jdk-16.0.2\bin\msvcp140.dll
0x00007ffa2d940000 - 0x00007ffa2e4eb000 	C:\Program Files\Java\jdk-16.0.2\bin\server\jvm.dll
0x00007ffa3c580000 - 0x00007ffa3c588000 	C:\Windows\System32\PSAPI.DLL
0x00007ffa36db0000 - 0x00007ffa36db9000 	C:\Windows\SYSTEM32\WSOCK32.dll
0x00007ffa3bf40000 - 0x00007ffa3bfaa000 	C:\Windows\System32\WS2_32.dll
0x00007ffa367d0000 - 0x00007ffa367f3000 	C:\Windows\SYSTEM32\WINMM.dll
0x00007ffa367a0000 - 0x00007ffa367cb000 	C:\Windows\SYSTEM32\WINMMBASE.dll
0x00007ffa39bf0000 - 0x00007ffa39c32000 	C:\Windows\System32\cfgmgr32.dll
0x00007ffa38c80000 - 0x00007ffa38c8f000 	C:\Windows\System32\kernel.appcore.dll
0x00007ffa36d30000 - 0x00007ffa36d3a000 	C:\Program Files\Java\jdk-16.0.2\bin\jimage.dll
0x00007ffa217c0000 - 0x00007ffa21952000 	C:\Windows\SYSTEM32\DBGHELP.DLL
0x00007ffa36c10000 - 0x00007ffa36c39000 	C:\Windows\SYSTEM32\dbgcore.DLL
0x00007ffa34030000 - 0x00007ffa3406b000 	C:\Program Files\Java\jdk-16.0.2\bin\jdwp.dll
0x00007ffa37ad0000 - 0x00007ffa37b66000 	C:\Program Files (x86)\GBillingClient\x64\prochook.dll
0x00007ffa36c40000 - 0x00007ffa36c65000 	C:\Program Files\Java\jdk-16.0.2\bin\java.dll
0x00007ffa3a4d0000 - 0x00007ffa3b9d8000 	C:\Windows\System32\SHELL32.dll
0x00007ffa38f30000 - 0x00007ffa3960a000 	C:\Windows\System32\windows.storage.dll
0x00007ffa38ca0000 - 0x00007ffa38cec000 	C:\Windows\System32\powrprof.dll
0x00007ffa3bd10000 - 0x00007ffa3bd62000 	C:\Windows\System32\shlwapi.dll
0x00007ffa39c40000 - 0x00007ffa39ce9000 	C:\Windows\System32\shcore.dll
0x00007ffa38c60000 - 0x00007ffa38c74000 	C:\Windows\System32\profapi.dll
0x00007ffa36bf0000 - 0x00007ffa36c09000 	C:\Program Files\Java\jdk-16.0.2\bin\net.dll
0x00007ffa33460000 - 0x00007ffa3352c000 	C:\Windows\SYSTEM32\WINHTTP.dll
0x00007ffa38590000 - 0x00007ffa385ec000 	C:\Windows\system32\mswsock.dll
0x00007ffa36160000 - 0x00007ffa36173000 	C:\Program Files\Java\jdk-16.0.2\bin\nio.dll
0x00007ffa34600000 - 0x00007ffa3460b000 	C:\Program Files\Java\jdk-16.0.2\bin\dt_shmem.dll
0x00007ffa35fd0000 - 0x00007ffa35fe8000 	C:\Program Files\Java\jdk-16.0.2\bin\zip.dll
0x00007ffa30630000 - 0x00007ffa307b0000 	C:\Program Files\Java\jdk-16.0.2\bin\awt.dll
0x00007ffa3a410000 - 0x00007ffa3a4cc000 	C:\Windows\System32\OLEAUT32.dll
0x00007ffa37000000 - 0x00007ffa3707a000 	C:\Windows\SYSTEM32\apphelp.dll
0x00007ffa36120000 - 0x00007ffa36146000 	C:\Windows\system32\DWMAPI.DLL
0x00007ffa37330000 - 0x00007ffa373c5000 	C:\Windows\system32\uxtheme.dll
0x00007ffa2f300000 - 0x00007ffa2f423000 	C:\Windows\system32\opengl32.dll
0x00007ffa2f200000 - 0x00007ffa2f2f7000 	C:\Windows\SYSTEM32\DDRAW.dll
0x00007ffa33190000 - 0x00007ffa331bd000 	C:\Windows\SYSTEM32\GLU32.dll
0x00007ffa36150000 - 0x00007ffa36158000 	C:\Windows\SYSTEM32\DCIMAN32.dll
0x00007ffa3bd70000 - 0x00007ffa3becb000 	C:\Windows\System32\MSCTF.dll
0x00007ffa39cf0000 - 0x00007ffa39e27000 	C:\Windows\System32\ole32.dll
0x00007ffa33e80000 - 0x00007ffa3400d000 	C:\Windows\system32\d3d9.dll
0x00007ffa346a0000 - 0x00007ffa3478b000 	C:\Windows\System32\DriverStore\FileRepository\nv_dispi.inf_amd64_c1a085cc86772d3f\nvldumdx.dll
0x00007ffa398a0000 - 0x00007ffa39a68000 	C:\Windows\System32\crypt32.dll
0x00007ffa38c90000 - 0x00007ffa38ca0000 	C:\Windows\System32\MSASN1.dll
0x00007ffa39ae0000 - 0x00007ffa39b35000 	C:\Windows\System32\WINTRUST.DLL
0x00007ffa3c740000 - 0x00007ffa3c75c000 	C:\Windows\System32\imagehlp.dll
0x00007ffa38730000 - 0x00007ffa38747000 	C:\Windows\SYSTEM32\CRYPTSP.dll
0x00007ffa381a0000 - 0x00007ffa381d3000 	C:\Windows\system32\rsaenh.dll
0x00007ffa38840000 - 0x00007ffa3886b000 	C:\Windows\SYSTEM32\bcrypt.dll
0x00007ffa38750000 - 0x00007ffa3875b000 	C:\Windows\SYSTEM32\CRYPTBASE.dll
0x00007ffa17050000 - 0x00007ffa1825d000 	C:\Windows\System32\DriverStore\FileRepository\nv_dispi.inf_amd64_c1a085cc86772d3f\nvd3dumx.dll
0x00007ffa2f8b0000 - 0x00007ffa2f99c000 	C:\Program Files (x86)\NVIDIA Corporation\3D Vision\nvSCPAPI64.dll
0x00007ffa3bfb0000 - 0x00007ffa3c3d9000 	C:\Windows\System32\SETUPAPI.dll
0x00007ffa2f170000 - 0x00007ffa2f1f9000 	C:\Program Files\Java\jdk-16.0.2\bin\freetype.dll
0x00007ffa2f070000 - 0x00007ffa2f166000 	C:\Program Files\Java\jdk-16.0.2\bin\harfbuzz.dll
0x00007ffa33050000 - 0x00007ffa33062000 	C:\Program Files\Java\jdk-16.0.2\bin\fontmanager.dll

dbghelp: loaded successfully - version: 4.0.5 - missing functions: none
symbol engine: initialized successfully - sym options: 0x614 - pdb path: (cannot be retrieved)

VM Arguments:
jvm_args: -Dfile.encoding=UTF-8 -agentlib:jdwp=transport=dt_shmem,address=javadebug --module-path=C:\Users\Administrator\Downloads\Tool8Ball\build\classes 
java_command: tool8ball.JFrameSetting
java_class_path (initial): C:\Program Files\NetBeans-12.4\netbeans\java\modules\ext\AbsoluteLayout.jar;C:\Users\Administrator\Downloads\Tool8Ball\build\classes
Launcher Type: SUN_STANDARD

[Global flags]
     intx CICompilerCount                          = 3                                         {product} {ergonomic}
     uint ConcGCThreads                            = 1                                         {product} {ergonomic}
     uint G1ConcRefinementThreads                  = 4                                         {product} {ergonomic}
   size_t G1HeapRegionSize                         = 1048576                                   {product} {ergonomic}
    uintx GCDrainStackTargetSize                   = 64                                        {product} {ergonomic}
   size_t InitialHeapSize                          = 134217728                                 {product} {ergonomic}
   size_t MarkStackSize                            = 4194304                                   {product} {ergonomic}
   size_t MaxHeapSize                              = 2116026368                                {product} {ergonomic}
   size_t MaxNewSize                               = 1268776960                                {product} {ergonomic}
   size_t MinHeapDeltaBytes                        = 1048576                                   {product} {ergonomic}
   size_t MinHeapSize                              = 8388608                                   {product} {ergonomic}
    uintx NonNMethodCodeHeapSize                   = 5832780                                {pd product} {ergonomic}
    uintx NonProfiledCodeHeapSize                  = 122912730                              {pd product} {ergonomic}
    uintx ProfiledCodeHeapSize                     = 122912730                              {pd product} {ergonomic}
    uintx ReservedCodeCacheSize                    = 251658240                              {pd product} {ergonomic}
     bool SegmentedCodeCache                       = true                                      {product} {ergonomic}
   size_t SoftMaxHeapSize                          = 2116026368                             {manageable} {ergonomic}
     bool UseCompressedClassPointers               = true                           {product lp64_product} {ergonomic}
     bool UseCompressedOops                        = true                           {product lp64_product} {ergonomic}
     bool UseG1GC                                  = true                                      {product} {ergonomic}
     bool UseLargePagesIndividualAllocation        = false                                  {pd product} {ergonomic}

Logging:
Log output configuration:
 #0: stdout all=warning uptime,level,tags
 #1: stderr all=off uptime,level,tags

Environment Variables:
PATH=C:\Program Files\Common Files\Oracle\Java\javapath;C:\ProgramData\Oracle\Java\javapath;C:\Windows\system32;C:\Windows;C:\Windows\System32\Wbem;C:\Windows\System32\WindowsPowerShell\v1.0\;C:\Program Files (x86)\NVIDIA Corporation\PhysX\Common;C:\Users\Administrator\AppData\Local\Microsoft\WindowsApps;
USERNAME=Administrator
OS=Windows_NT
PROCESSOR_IDENTIFIER=Intel64 Family 6 Model 158 Stepping 10, GenuineIntel



---------------  S Y S T E M  ---------------

OS:
 Windows 10 , 64 bit Build 14393 (10.0.14393.0)
OS uptime: 0 days 9:33 hours

CPU: total 4 (initial active 4) (4 cores per cpu, 1 threads per core) family 6 model 158 stepping 10 microcode 0x9a, cx8, cmov, fxsr, mmx, 3dnowpref, sse, sse2, sse3, ssse3, sse4.1, sse4.2, popcnt, lzcnt, tsc, tscinvbit, avx, avx2, aes, erms, clmul, bmi1, bmi2, adx, fma, vzeroupper, clflush, clflushopt

Memory: 4k page, system-wide physical 8070M (691M free)
TotalPageFile size 12166M (AvailPageFile size 3M)
current process WorkingSet (physical memory assigned to process): 69M, peak: 69M
current process commit charge ("private bytes"): 228M, peak: 229M

vm_info: Java HotSpot(TM) 64-Bit Server VM (16.0.2+7-67) for windows-amd64 JRE (16.0.2+7-67), built on Jun  8 2021 23:24:19 by "mach5one" with MS VC++ 16.7 (VS2019)

END.
